
> richiesta-assistenza-backend@6.1.0 build
> tsc || echo 'Build completed with errors'

src/config/whatsapp-accounts.config.ts(1,37): error TS2307: Cannot find module '../services/multi-account-whatsapp.service' or its corresponding type declarations.
src/controllers/testController.ts(38,9): error TS2345: Argument of type 'number' is not assignable to parameter of type 'string'.
src/controllers/testController.ts(76,9): error TS2345: Argument of type 'number' is not assignable to parameter of type 'string'.
src/controllers/testController.ts(114,9): error TS2345: Argument of type 'number' is not assignable to parameter of type 'string'.
src/middleware/compression.ts(19,7): error TS2353: Object literal may only specify known properties, and 'zlib' does not exist in type 'BrotliOptions'.
src/middleware/compression.ts(46,42): error TS2339: Property 'includes' does not exist on type 'string | number | string[]'.
  Property 'includes' does not exist on type 'number'.
src/middleware/module.middleware.ts(7,11): error TS2430: Interface 'AuthRequest' incorrectly extends interface 'Request<ParamsDictionary, any, any, ParsedQs, Record<string, any>>'.
  Types of property 'user' are incompatible.
    Type '{ [key: string]: any; id: string; role?: string; }' is missing the following properties from type '{ id: string; email: string; fullName: string; role: Role; professionalId?: string; }': email, fullName
src/middleware/security.ts(265,23): error TS2339: Property 'rateLimit' does not exist on type 'Request<ParamsDictionary, any, any, ParsedQs, Record<string, any>>'.
src/middleware/security.ts(285,23): error TS2339: Property 'rateLimit' does not exist on type 'Request<ParamsDictionary, any, any, ParsedQs, Record<string, any>>'.
src/routes/address.routes.ts(25,11): error TS2430: Interface 'AuthRequest' incorrectly extends interface 'Request<ParamsDictionary, any, any, ParsedQs, Record<string, any>>'.
  Types of property 'user' are incompatible.
    Property 'fullName' is missing in type 'UserPayload' but required in type '{ id: string; email: string; fullName: string; role: Role; professionalId?: string; }'.
src/routes/admin-simple.routes.ts(45,9): error TS7018: Object literal's property 'recentUsers' implicitly has an 'any[]' type.
src/routes/admin-simple.routes.ts(46,9): error TS7018: Object literal's property 'recentRequests' implicitly has an 'any[]' type.
src/routes/admin-simple.routes.ts(47,9): error TS7018: Object literal's property 'recentQuotes' implicitly has an 'any[]' type.
src/routes/admin-simple.routes.ts(64,7): error TS2345: Argument of type 'number' is not assignable to parameter of type 'string'.
src/routes/admin-users.routes.ts(188,34): error TS2339: Property 'payments' does not exist on type '{ clientRequests: number; professionalRequests: number; quotes: number; }'.
src/routes/admin-users.routes.ts(220,50): error TS2345: Argument of type '{ email?: string; username?: string; password?: string; firstName?: string; lastName?: string; phone?: string; role?: "SUPER_ADMIN" | "ADMIN" | "PROFESSIONAL" | "CLIENT"; codiceFiscale?: string; partitaIva?: string; ... 9 more ...; sendWelcomeEmail?: boolean; }' is not assignable to parameter of type 'UserCreateData'.
  Property 'email' is optional in type '{ email?: string; username?: string; password?: string; firstName?: string; lastName?: string; phone?: string; role?: "SUPER_ADMIN" | "ADMIN" | "PROFESSIONAL" | "CLIENT"; codiceFiscale?: string; partitaIva?: string; ... 9 more ...; sendWelcomeEmail?: boolean; }' but required in type 'UserCreateData'.
src/routes/admin/api-keys.routes.ts(26,50): error TS2345: Argument of type 'string' is not assignable to parameter of type '"GOOGLE_MAPS" | "BREVO" | "OPENAI" | "TINYMCE" | "whatsapp" | "STRIPE" | "STRIPE_PUBLIC" | "STRIPE_WEBHOOK"'.
src/routes/admin/api-keys.routes.ts(45,44): error TS2339: Property 'updateApiKey' does not exist on type 'ApiKeyService'.
src/routes/admin/api-keys.routes.ts(67,43): error TS2339: Property 'createApiKey' does not exist on type 'ApiKeyService'.
src/routes/admin/api-keys.routes.ts(79,54): error TS2345: Argument of type 'string' is not assignable to parameter of type '"GOOGLE_MAPS" | "BREVO" | "OPENAI" | "TINYMCE" | "whatsapp" | "STRIPE" | "STRIPE_PUBLIC" | "STRIPE_WEBHOOK"'.
src/routes/admin/approval-workflows.routes.ts(21,13): error TS7034: Variable 'workflows' implicitly has type 'any[]' in some locations where its type cannot be determined.
src/routes/admin/approval-workflows.routes.ts(24,9): error TS7005: Variable 'workflows' implicitly has an 'any[]' type.
src/routes/admin/dashboard.routes.ts(176,31): error TS2339: Property 'AssistanceRequest' does not exist on type '{ status: QuoteStatus; id: string; createdAt: Date; amount: Decimal; request: { title: string; }; }'.
src/routes/admin/document-categories.routes.ts(72,13): error TS7034: Variable 'tree' implicitly has type 'any[]' in some locations where its type cannot be determined.
src/routes/admin/document-categories.routes.ts(75,9): error TS7005: Variable 'tree' implicitly has an 'any[]' type.
src/routes/admin/document-config.routes.ts(23,11): error TS7018: Object literal's property 'byRole' implicitly has an 'any[]' type.
src/routes/admin/document-config.routes.ts(59,13): error TS7034: Variable 'configs' implicitly has type 'any[]' in some locations where its type cannot be determined.
src/routes/admin/document-config.routes.ts(62,9): error TS7005: Variable 'configs' implicitly has an 'any[]' type.
src/routes/admin/document-config.routes.ts(150,13): error TS7034: Variable 'settings' implicitly has type 'any[]' in some locations where its type cannot be determined.
src/routes/admin/document-config.routes.ts(153,9): error TS7005: Variable 'settings' implicitly has an 'any[]' type.
src/routes/admin/document-config.routes.ts(221,9): error TS7018: Object literal's property 'settings' implicitly has an 'any[]' type.
src/routes/admin/document-fields.routes.ts(20,13): error TS7034: Variable 'fields' implicitly has type 'any[]' in some locations where its type cannot be determined.
src/routes/admin/document-fields.routes.ts(23,9): error TS7005: Variable 'fields' implicitly has an 'any[]' type.
src/routes/admin/document-fields.routes.ts(50,9): error TS7018: Object literal's property 'byType' implicitly has an 'any[]' type.
src/routes/admin/document-fields.routes.ts(51,9): error TS7018: Object literal's property 'byDocumentType' implicitly has an 'any[]' type.
src/routes/admin/document-notifications.routes.ts(20,13): error TS7034: Variable 'templates' implicitly has type 'any[]' in some locations where its type cannot be determined.
src/routes/admin/document-notifications.routes.ts(23,9): error TS7005: Variable 'templates' implicitly has an 'any[]' type.
src/routes/admin/document-permissions.routes.ts(20,13): error TS7034: Variable 'permissions' implicitly has type 'any[]' in some locations where its type cannot be determined.
src/routes/admin/document-permissions.routes.ts(23,9): error TS7005: Variable 'permissions' implicitly has an 'any[]' type.
src/routes/admin/document-permissions.routes.ts(47,11): error TS7018: Object literal's property 'byRole' implicitly has an 'any[]' type.
src/routes/admin/document-permissions.routes.ts(48,11): error TS7018: Object literal's property 'byDocumentType' implicitly has an 'any[]' type.
src/routes/admin/document-stats.routes.ts(4,24): error TS2307: Cannot find module '../../lib/prisma' or its corresponding type declarations.
src/routes/admin/document-ui-configs.routes.ts(20,13): error TS7034: Variable 'configs' implicitly has type 'any[]' in some locations where its type cannot be determined.
src/routes/admin/document-ui-configs.routes.ts(23,9): error TS7005: Variable 'configs' implicitly has an 'any[]' type.
src/routes/admin/document-ui-configs.routes.ts(48,11): error TS7018: Object literal's property 'byRole' implicitly has an 'any[]' type.
src/routes/admin/health-check.routes.ts(578,49): error TS2339: Property 'path' does not exist on type '{ filename: string; filepath: string; }'.
src/routes/admin/health-check.routes.ts(652,27): error TS2339: Property 'addRule' does not exist on type 'AutoRemediationSystem'.
src/routes/admin/health-status.routes.ts(117,32): error TS7017: Element implicitly has an 'any' type because type 'typeof globalThis' has no index signature.
src/routes/admin/legal-documents.routes.ts(64,15): error TS2559: Type '"LIST_LEGAL_DOCUMENTS"' has no properties in common with type 'AuditOptions'.
src/routes/admin/legal-documents.routes.ts(397,15): error TS2559: Type '"CREATE_LEGAL_DOCUMENT"' has no properties in common with type 'AuditOptions'.
src/routes/admin/legal-documents.routes.ts(435,15): error TS2559: Type '"UPDATE_LEGAL_DOCUMENT"' has no properties in common with type 'AuditOptions'.
src/routes/admin/legal-documents.routes.ts(518,19): error TS2353: Object literal may only specify known properties, and 'acceptances' does not exist in type 'LegalDocumentVersionCountOutputTypeSelect<DefaultArgs>'.
src/routes/admin/legal-documents.routes.ts(608,15): error TS2353: Object literal may only specify known properties, and 'acceptances' does not exist in type 'LegalDocumentVersionCountOutputTypeSelect<DefaultArgs>'.
src/routes/admin/legal-documents.routes.ts(663,15): error TS2559: Type '"CREATE_LEGAL_VERSION"' has no properties in common with type 'AuditOptions'.
src/routes/admin/legal-documents.routes.ts(766,15): error TS2559: Type '"APPROVE_LEGAL_VERSION"' has no properties in common with type 'AuditOptions'.
src/routes/admin/legal-documents.routes.ts(778,11): error TS2353: Object literal may only specify known properties, and 'approver' does not exist in type 'LegalDocumentVersionInclude<DefaultArgs>'.
src/routes/admin/legal-documents.routes.ts(809,15): error TS2559: Type '"REJECT_LEGAL_VERSION"' has no properties in common with type 'AuditOptions'.
src/routes/admin/legal-documents.routes.ts(845,15): error TS2559: Type '"UNPUBLISH_LEGAL_VERSION"' has no properties in common with type 'AuditOptions'.
src/routes/admin/legal-documents.routes.ts(945,15): error TS2559: Type '"PUBLISH_LEGAL_VERSION"' has no properties in common with type 'AuditOptions'.
src/routes/admin/legal-templates.routes.ts(27,9): error TS2322: Type '({ id: string; type: string; name: string; title: string; language: string; content: string; variables: { company_name: string; company_address: string; update_date: string; }; isDefault: boolean; } | { ...; } | { ...; })[]' is not assignable to type '{ type: LegalDocumentType; name: string; id: string; createdAt: Date; updatedAt: Date; title: string; content: string; category: string; isDefault: boolean; language: string; variables: JsonValue; }[]'.
  Type '{ id: string; type: string; name: string; title: string; language: string; content: string; variables: { company_name: string; company_address: string; update_date: string; }; isDefault: boolean; } | { ...; } | { ...; }' is not assignable to type '{ type: LegalDocumentType; name: string; id: string; createdAt: Date; updatedAt: Date; title: string; content: string; category: string; isDefault: boolean; language: string; variables: JsonValue; }'.
    Type '{ id: string; type: string; name: string; title: string; language: string; content: string; variables: { company_name: string; company_address: string; update_date: string; }; isDefault: boolean; }' is missing the following properties from type '{ type: LegalDocumentType; name: string; id: string; createdAt: Date; updatedAt: Date; title: string; content: string; category: string; isDefault: boolean; language: string; variables: JsonValue; }': createdAt, updatedAt, category
src/routes/admin/legal-templates.routes.ts(59,9): error TS2322: Type '{ id: string; type: string; name: string; title: string; language: string; content: string; variables: { company_name: string; company_address: string; update_date: string; }; isDefault: boolean; } | { ...; } | { ...; }' is not assignable to type '{ type: LegalDocumentType; name: string; id: string; createdAt: Date; updatedAt: Date; title: string; content: string; category: string; isDefault: boolean; language: string; variables: JsonValue; }'.
  Type '{ id: string; type: string; name: string; title: string; language: string; content: string; variables: { company_name: string; company_address: string; update_date: string; }; isDefault: boolean; }' is missing the following properties from type '{ type: LegalDocumentType; name: string; id: string; createdAt: Date; updatedAt: Date; title: string; content: string; category: string; isDefault: boolean; language: string; variables: JsonValue; }': createdAt, updatedAt, category
src/routes/admin/legal-templates.routes.ts(90,9): error TS2322: Type '{ name: any; type: any; title: any; content: any; language: any; variables: any; }' is not assignable to type '(Without<LegalDocumentTemplateCreateInput, LegalDocumentTemplateUncheckedCreateInput> & LegalDocumentTemplateUncheckedCreateInput) | (Without<...> & LegalDocumentTemplateCreateInput)'.
  Type '{ name: any; type: any; title: any; content: any; language: any; variables: any; }' is not assignable to type 'Without<LegalDocumentTemplateUncheckedCreateInput, LegalDocumentTemplateCreateInput> & LegalDocumentTemplateCreateInput'.
    Type '{ name: any; type: any; title: any; content: any; language: any; variables: any; }' is missing the following properties from type 'LegalDocumentTemplateCreateInput': id, updatedAt
src/routes/admin/modules.routes.ts(31,11): error TS2430: Interface 'AuthenticatedRequest' incorrectly extends interface 'Request<ParamsDictionary, any, any, ParsedQs, Record<string, any>>'.
  Types of property 'user' are incompatible.
    Type '{ id: string; email: string; role: string; fullName?: string; }' is not assignable to type '{ id: string; email: string; fullName: string; role: Role; professionalId?: string; }'.
      Property 'fullName' is optional in type '{ id: string; email: string; role: string; fullName?: string; }' but required in type '{ id: string; email: string; fullName: string; role: Role; professionalId?: string; }'.
src/routes/admin/modules.routes.ts(118,55): error TS2345: Argument of type 'ModuleFilters' is not assignable to parameter of type 'import("/Users/lucamambelli/Desktop/Richiesta-Assistenza/backend/src/services/module.service").ModuleFilters'.
  Types of property 'category' are incompatible.
    Type 'string' is not assignable to type 'ModuleCategory'.
src/routes/admin/modules.routes.ts(164,62): error TS2345: Argument of type 'string' is not assignable to parameter of type 'ModuleCategory'.
src/routes/admin/system-settings.routes.ts(101,7): error TS2322: Type '{ type?: "string" | "number" | "boolean" | "email" | "text" | "url" | "json"; key?: string; isActive?: boolean; description?: string; category?: string; value?: string; isEditable?: boolean; }' is not assignable to type '(Without<SystemSettingsCreateInput, SystemSettingsUncheckedCreateInput> & SystemSettingsUncheckedCreateInput) | (Without<...> & SystemSettingsCreateInput)'.
  Type '{ type?: "string" | "number" | "boolean" | "email" | "text" | "url" | "json"; key?: string; isActive?: boolean; description?: string; category?: string; value?: string; isEditable?: boolean; }' is not assignable to type 'Without<SystemSettingsUncheckedCreateInput, SystemSettingsCreateInput> & SystemSettingsCreateInput'.
    Type '{ type?: "string" | "number" | "boolean" | "email" | "text" | "url" | "json"; key?: string; isActive?: boolean; description?: string; category?: string; value?: string; isEditable?: boolean; }' is missing the following properties from type 'SystemSettingsCreateInput': id, updatedAt
src/routes/admin/system-settings.routes.ts(107,9): error TS2322: Type '"SYSTEM_SETTING_CREATED"' is not assignable to type 'AuditAction'.
src/routes/admin/system-settings.routes.ts(116,9): error TS2322: Type '"ADMIN"' is not assignable to type 'LogCategory'.
src/routes/admin/system-settings.routes.ts(179,11): error TS2322: Type '"SYSTEM_SETTING_UPDATED"' is not assignable to type 'AuditAction'.
src/routes/admin/system-settings.routes.ts(190,11): error TS2322: Type '"ADMIN"' is not assignable to type 'LogCategory'.
src/routes/admin/system-settings.routes.ts(251,9): error TS2322: Type '"SYSTEM_SETTING_DELETED"' is not assignable to type 'AuditAction'.
src/routes/admin/system-settings.routes.ts(260,9): error TS2322: Type '"ADMIN"' is not assignable to type 'LogCategory'.
src/routes/admin/system-settings.routes.ts(329,9): error TS2322: Type '"SYSTEM_SETTINGS_BULK_UPDATE"' is not assignable to type 'AuditAction'.
src/routes/admin/system-settings.routes.ts(337,9): error TS2322: Type '"ADMIN"' is not assignable to type 'LogCategory'.
src/routes/admin/tests.ts(148,22): error TS7053: Element implicitly has an 'any' type because expression of type 'string' can't be used to index type '{ backend: { name: string; description: string; command: string; cwd: string; tests: string[]; }; e2e: { name: string; description: string; command: string; cwd: string; tests: string[]; }; database: { name: string; description: string; scripts: { ...; }[]; }; api: { ...; }; integration: { ...; }; }'.
  No index signature with a parameter of type 'string' was found on type '{ backend: { name: string; description: string; command: string; cwd: string; tests: string[]; }; e2e: { name: string; description: string; command: string; cwd: string; tests: string[]; }; database: { name: string; description: string; scripts: { ...; }[]; }; api: { ...; }; integration: { ...; }; }'.
src/routes/ai-professional.routes.ts(49,62): error TS2345: Argument of type '{ conversationType: "client_help" | "professional_help" | "system_help"; professionalId?: string; requestId?: string; message?: string; subcategoryId?: string; mode?: "client" | "professional"; conversationId?: string; userId: any; }' is not assignable to parameter of type 'AiChatRequest'.
  Property 'recipientId' is missing in type '{ conversationType: "client_help" | "professional_help" | "system_help"; professionalId?: string; requestId?: string; message?: string; subcategoryId?: string; mode?: "client" | "professional"; conversationId?: string; userId: any; }' but required in type 'AiChatRequest'.
src/routes/ai-professional.routes.ts(208,11): error TS2322: Type '{ modelName?: string; temperature?: number; maxTokens?: number; systemPrompt?: string; topP?: number; frequencyPenalty?: number; presencePenalty?: number; subcategoryId: string; }' is not assignable to type '(Without<SubcategoryAiSettingsCreateInput, SubcategoryAiSettingsUncheckedCreateInput> & SubcategoryAiSettingsUncheckedCreateInput) | (Without<...> & SubcategoryAiSettingsCreateInput)'.
  Type '{ modelName?: string; temperature?: number; maxTokens?: number; systemPrompt?: string; topP?: number; frequencyPenalty?: number; presencePenalty?: number; subcategoryId: string; }' is not assignable to type 'Without<SubcategoryAiSettingsUncheckedCreateInput, SubcategoryAiSettingsCreateInput> & SubcategoryAiSettingsCreateInput'.
    Type '{ modelName?: string; temperature?: number; maxTokens?: number; systemPrompt?: string; topP?: number; frequencyPenalty?: number; presencePenalty?: number; subcategoryId: string; }' is not assignable to type 'Without<SubcategoryAiSettingsUncheckedCreateInput, SubcategoryAiSettingsCreateInput>'.
      Types of property 'subcategoryId' are incompatible.
        Type 'string' is not assignable to type 'never'.
src/routes/ai-professional.routes.ts(257,9): error TS2353: Object literal may only specify known properties, and 'settings' does not exist in type 'ProfessionalAiCustomizationInclude<DefaultArgs>'.
src/routes/ai.routes.ts(36,7): error TS2353: Object literal may only specify known properties, and 'userId' does not exist in type 'AiChatRequest'.
src/routes/ai.routes.ts(118,7): error TS2322: Type '"categorization"' is not assignable to type '"client_help" | "professional_help" | "system_help"'.
src/routes/ai.routes.ts(122,9): error TS7034: Variable 'result' implicitly has type 'any' in some locations where its type cannot be determined.
src/routes/ai.routes.ts(125,40): error TS2339: Property 'replace' does not exist on type '{ message: string; model: string; tokensUsed: number; }'.
src/routes/ai.routes.ts(134,54): error TS7005: Variable 'result' implicitly has an 'any' type.
src/routes/ai.routes.ts(135,70): error TS7005: Variable 'result' implicitly has an 'any' type.
src/routes/apiKeys.routes.ts(129,11): error TS2322: Type '{ key: string; name: string; service: string; permissions: any; rateLimit: number; isActive: true; }' is not assignable to type '(Without<ApiKeyCreateInput, ApiKeyUncheckedCreateInput> & ApiKeyUncheckedCreateInput) | (Without<...> & ApiKeyCreateInput)'.
  Type '{ key: string; name: string; service: string; permissions: any; rateLimit: number; isActive: true; }' is not assignable to type 'Without<ApiKeyUncheckedCreateInput, ApiKeyCreateInput> & ApiKeyCreateInput'.
    Type '{ key: string; name: string; service: string; permissions: any; rateLimit: number; isActive: true; }' is missing the following properties from type 'ApiKeyCreateInput': id, updatedAt
src/routes/apiKeys.routes.ts(148,7): error TS2322: Type '{ key: any; name: any; service: any; rateLimit: number; isActive: true; }' is not assignable to type '(Without<ApiKeyCreateInput, ApiKeyUncheckedCreateInput> & ApiKeyUncheckedCreateInput) | (Without<...> & ApiKeyCreateInput)'.
  Type '{ key: any; name: any; service: any; rateLimit: number; isActive: true; }' is not assignable to type 'Without<ApiKeyUncheckedCreateInput, ApiKeyCreateInput> & ApiKeyCreateInput'.
    Type '{ key: any; name: any; service: any; rateLimit: number; isActive: true; }' is missing the following properties from type 'ApiKeyCreateInput': id, updatedAt
src/routes/appointment.routes.ts(27,39): error TS2554: Expected 3 arguments, but got 2.
src/routes/appointment.routes.ts(41,39): error TS2554: Expected 3 arguments, but got 2.
src/routes/audit.routes.ts(10,24): error TS7016: Could not find a declaration file for module 'json2csv'. '/Users/lucamambelli/Desktop/Richiesta-Assistenza/backend/node_modules/json2csv/lib/json2csv.js' implicitly has an 'any' type.
  Try `npm i --save-dev @types/json2csv` if it exists or add a new declaration (.d.ts) file containing `declare module 'json2csv';`
src/routes/calendar-google.routes.ts(267,7): error TS2322: Type '{ id: string; professionalId: any; accessToken: any; refreshToken: any; expiryDate: Date; scope: any; tokenType: any; }' is not assignable to type '(Without<GoogleCalendarTokenCreateInput, GoogleCalendarTokenUncheckedCreateInput> & GoogleCalendarTokenUncheckedCreateInput) | (Without<...> & GoogleCalendarTokenCreateInput)'.
  Type '{ id: string; professionalId: any; accessToken: any; refreshToken: any; expiryDate: Date; scope: any; tokenType: any; }' is not assignable to type 'Without<GoogleCalendarTokenUncheckedCreateInput, GoogleCalendarTokenCreateInput> & GoogleCalendarTokenCreateInput'.
    Type '{ id: string; professionalId: any; accessToken: any; refreshToken: any; expiryDate: Date; scope: any; tokenType: any; }' is not assignable to type 'Without<GoogleCalendarTokenUncheckedCreateInput, GoogleCalendarTokenCreateInput>'.
      Types of property 'professionalId' are incompatible.
        Type 'any' is not assignable to type 'never'.
src/routes/calendar-google.routes.ts(281,7): error TS2322: Type '{ id: string; professionalId: any; googleCalendarConnected: true; lastGoogleSync: Date; }' is not assignable to type '(Without<CalendarSettingsCreateInput, CalendarSettingsUncheckedCreateInput> & CalendarSettingsUncheckedCreateInput) | (Without<...> & CalendarSettingsCreateInput)'.
  Type '{ id: string; professionalId: any; googleCalendarConnected: true; lastGoogleSync: Date; }' is not assignable to type 'Without<CalendarSettingsUncheckedCreateInput, CalendarSettingsCreateInput> & CalendarSettingsCreateInput'.
    Type '{ id: string; professionalId: any; googleCalendarConnected: true; lastGoogleSync: Date; }' is not assignable to type 'Without<CalendarSettingsUncheckedCreateInput, CalendarSettingsCreateInput>'.
      Types of property 'professionalId' are incompatible.
        Type 'any' is not assignable to type 'never'.
src/routes/calendar-google.routes.ts(410,13): error TS2322: Type '{ id: string; professionalId: any; startDateTime: Date; endDateTime: Date; reason: string; }' is not assignable to type '(Without<CalendarBlockCreateInput, CalendarBlockUncheckedCreateInput> & CalendarBlockUncheckedCreateInput) | (Without<...> & CalendarBlockCreateInput)'.
  Type '{ id: string; professionalId: any; startDateTime: Date; endDateTime: Date; reason: string; }' is not assignable to type 'Without<CalendarBlockUncheckedCreateInput, CalendarBlockCreateInput> & CalendarBlockCreateInput'.
    Type '{ id: string; professionalId: any; startDateTime: Date; endDateTime: Date; reason: string; }' is not assignable to type 'Without<CalendarBlockUncheckedCreateInput, CalendarBlockCreateInput>'.
      Types of property 'professionalId' are incompatible.
        Type 'any' is not assignable to type 'never'.
src/routes/calendar-simple.routes.ts(75,7): error TS2322: Type '{ requestId: any; professionalId: any; proposedDate: Date; description: any; estimatedDuration: any; status: string; clientConfirmed: false; }' is not assignable to type '(Without<ScheduledInterventionCreateInput, ScheduledInterventionUncheckedCreateInput> & ScheduledInterventionUncheckedCreateInput) | (Without<...> & ScheduledInterventionCreateInput)'.
  Type '{ requestId: any; professionalId: any; proposedDate: Date; description: any; estimatedDuration: any; status: string; clientConfirmed: false; }' is not assignable to type 'Without<ScheduledInterventionUncheckedCreateInput, ScheduledInterventionCreateInput> & ScheduledInterventionCreateInput'.
    Type '{ requestId: any; professionalId: any; proposedDate: Date; description: any; estimatedDuration: any; status: string; clientConfirmed: false; }' is not assignable to type 'Without<ScheduledInterventionUncheckedCreateInput, ScheduledInterventionCreateInput>'.
      Types of property 'professionalId' are incompatible.
        Type 'any' is not assignable to type 'never'.
src/routes/calendar.routes.ts(70,9): error TS2322: Type '{ id: string; professionalId: any; defaultView: string; weekStartsOn: number; timeSlotDuration: number; minTime: string; maxTime: string; showWeekends: true; defaultInterventionDuration: number; defaultBufferTime: number; colorScheme: { ...; }; }' is not assignable to type '(Without<CalendarSettingsCreateInput, CalendarSettingsUncheckedCreateInput> & CalendarSettingsUncheckedCreateInput) | (Without<...> & CalendarSettingsCreateInput)'.
  Type '{ id: string; professionalId: any; defaultView: string; weekStartsOn: number; timeSlotDuration: number; minTime: string; maxTime: string; showWeekends: true; defaultInterventionDuration: number; defaultBufferTime: number; colorScheme: { ...; }; }' is not assignable to type 'Without<CalendarSettingsUncheckedCreateInput, CalendarSettingsCreateInput> & CalendarSettingsCreateInput'.
    Type '{ id: string; professionalId: any; defaultView: string; weekStartsOn: number; timeSlotDuration: number; minTime: string; maxTime: string; showWeekends: true; defaultInterventionDuration: number; defaultBufferTime: number; colorScheme: { ...; }; }' is not assignable to type 'Without<CalendarSettingsUncheckedCreateInput, CalendarSettingsCreateInput>'.
      Types of property 'professionalId' are incompatible.
        Type 'any' is not assignable to type 'never'.
src/routes/calendar.routes.ts(111,7): error TS2322: Type '{ defaultView?: "list" | "day" | "week" | "month"; weekStartsOn?: number; timeSlotDuration?: number; minTime?: string; maxTime?: string; showWeekends?: boolean; defaultInterventionDuration?: number; ... 8 more ...; professionalId: any; }' is not assignable to type '(Without<CalendarSettingsCreateInput, CalendarSettingsUncheckedCreateInput> & CalendarSettingsUncheckedCreateInput) | (Without<...> & CalendarSettingsCreateInput)'.
  Type '{ defaultView?: "list" | "day" | "week" | "month"; weekStartsOn?: number; timeSlotDuration?: number; minTime?: string; maxTime?: string; showWeekends?: boolean; defaultInterventionDuration?: number; ... 8 more ...; professionalId: any; }' is not assignable to type 'Without<CalendarSettingsUncheckedCreateInput, CalendarSettingsCreateInput> & CalendarSettingsCreateInput'.
    Type '{ defaultView?: "list" | "day" | "week" | "month"; weekStartsOn?: number; timeSlotDuration?: number; minTime?: string; maxTime?: string; showWeekends?: boolean; defaultInterventionDuration?: number; ... 8 more ...; professionalId: any; }' is not assignable to type 'Without<CalendarSettingsUncheckedCreateInput, CalendarSettingsCreateInput>'.
      Types of property 'professionalId' are incompatible.
        Type 'any' is not assignable to type 'never'.
src/routes/calendar.routes.ts(144,11): error TS2322: Type '{ id: string; professionalId: any; dayOfWeek: number; startTime: string; endTime: string; isActive: boolean; }' is not assignable to type '(Without<CalendarAvailabilityCreateInput, CalendarAvailabilityUncheckedCreateInput> & CalendarAvailabilityUncheckedCreateInput) | (Without<...> & CalendarAvailabilityCreateInput)'.
  Type '{ id: string; professionalId: any; dayOfWeek: number; startTime: string; endTime: string; isActive: boolean; }' is not assignable to type 'Without<CalendarAvailabilityUncheckedCreateInput, CalendarAvailabilityCreateInput> & CalendarAvailabilityCreateInput'.
    Type '{ id: string; professionalId: any; dayOfWeek: number; startTime: string; endTime: string; isActive: boolean; }' is not assignable to type 'Without<CalendarAvailabilityUncheckedCreateInput, CalendarAvailabilityCreateInput>'.
      Types of property 'professionalId' are incompatible.
        Type 'any' is not assignable to type 'never'.
src/routes/calendar.routes.ts(188,11): error TS2322: Type '{ isActive?: boolean; dayOfWeek?: number; startTime?: string; endTime?: string; id: string; professionalId: any; }' is not assignable to type '(Without<CalendarAvailabilityCreateInput, CalendarAvailabilityUncheckedCreateInput> & CalendarAvailabilityUncheckedCreateInput) | (Without<...> & CalendarAvailabilityCreateInput)'.
  Type '{ isActive?: boolean; dayOfWeek?: number; startTime?: string; endTime?: string; id: string; professionalId: any; }' is not assignable to type 'Without<CalendarAvailabilityUncheckedCreateInput, CalendarAvailabilityCreateInput> & CalendarAvailabilityCreateInput'.
    Type '{ isActive?: boolean; dayOfWeek?: number; startTime?: string; endTime?: string; id: string; professionalId: any; }' is not assignable to type 'Without<CalendarAvailabilityUncheckedCreateInput, CalendarAvailabilityCreateInput>'.
      Types of property 'professionalId' are incompatible.
        Type 'any' is not assignable to type 'never'.
src/routes/calendar.routes.ts(255,9): error TS2322: Type '{ id: string; professionalId: any; date: Date; isWorkingDay: false; reason: string; }' is not assignable to type '(Without<CalendarExceptionCreateInput, CalendarExceptionUncheckedCreateInput> & CalendarExceptionUncheckedCreateInput) | (Without<...> & CalendarExceptionCreateInput)'.
  Type '{ id: string; professionalId: any; date: Date; isWorkingDay: false; reason: string; }' is not assignable to type 'Without<CalendarExceptionUncheckedCreateInput, CalendarExceptionCreateInput> & CalendarExceptionCreateInput'.
    Type '{ id: string; professionalId: any; date: Date; isWorkingDay: false; reason: string; }' is not assignable to type 'Without<CalendarExceptionUncheckedCreateInput, CalendarExceptionCreateInput>'.
      Types of property 'professionalId' are incompatible.
        Type 'any' is not assignable to type 'never'.
src/routes/calendar.routes.ts(423,7): error TS2322: Type '{ id: string; professionalId: any; startDateTime: Date; endDateTime: Date; reason: any; isRecurring: any; recurringPattern: any; }' is not assignable to type '(Without<CalendarBlockCreateInput, CalendarBlockUncheckedCreateInput> & CalendarBlockUncheckedCreateInput) | (Without<...> & CalendarBlockCreateInput)'.
  Type '{ id: string; professionalId: any; startDateTime: Date; endDateTime: Date; reason: any; isRecurring: any; recurringPattern: any; }' is not assignable to type 'Without<CalendarBlockUncheckedCreateInput, CalendarBlockCreateInput> & CalendarBlockCreateInput'.
    Type '{ id: string; professionalId: any; startDateTime: Date; endDateTime: Date; reason: any; isRecurring: any; recurringPattern: any; }' is not assignable to type 'Without<CalendarBlockUncheckedCreateInput, CalendarBlockCreateInput>'.
      Types of property 'professionalId' are incompatible.
        Type 'any' is not assignable to type 'never'.
src/routes/calendar/calendar.routes.ts(2,43): error TS2307: Cannot find module '../middleware/auth' or its corresponding type declarations.
src/routes/calendar/calendar.routes.ts(3,29): error TS2307: Cannot find module '../middleware/rbac' or its corresponding type declarations.
src/routes/calendar/calendar.routes.ts(4,35): error TS2307: Cannot find module '../utils/responseFormatter' or its corresponding type declarations.
src/routes/calendar/calendar.routes.ts(5,24): error TS2307: Cannot find module '../utils/logger' or its corresponding type declarations.
src/routes/calendar/calendar.routes.ts(6,24): error TS2307: Cannot find module '../config/database' or its corresponding type declarations.
src/routes/calendar/calendar.routes.ts(388,46): error TS7006: Parameter 'intervention' implicitly has an 'any' type.
src/routes/calendar/calendar.routes.ts(410,17): error TS2339: Property 'handle' does not exist on type 'Router'.
src/routes/cleanup-config.routes.ts(76,13): error TS2820: Type '"NORMAL"' is not assignable to type '"high" | "low" | "normal" | "urgent"'. Did you mean '"normal"'?
src/routes/client-ai-settings.routes.ts(52,18): error TS7053: Element implicitly has an 'any' type because expression of type '0' can't be used to index type '{}'.
  Property '0' does not exist on type '{}'.
src/routes/dashboard/user-dashboard.routes.ts(19,9): error TS2353: Object literal may only specify known properties, and 'LegalDocumentVersion' does not exist in type 'LegalDocumentInclude<DefaultArgs>'.
src/routes/dashboard/user-dashboard.routes.ts(50,62): error TS2339: Property 'LegalDocumentVersion' does not exist on type '{ type: LegalDocumentType; displayName: string; id: string; isActive: boolean; createdAt: Date; updatedAt: Date; description: string; metadata: JsonValue; ... 6 more ...; sortOrder: number; }'.
src/routes/dashboard/user-dashboard.routes.ts(56,27): error TS2339: Property 'LegalDocumentVersion' does not exist on type '{ type: LegalDocumentType; displayName: string; id: string; isActive: boolean; createdAt: Date; updatedAt: Date; description: string; metadata: JsonValue; ... 6 more ...; sortOrder: number; }'.
src/routes/dashboard/user-dashboard.routes.ts(66,34): error TS2339: Property 'LegalDocumentVersion' does not exist on type '{ type: LegalDocumentType; displayName: string; id: string; isActive: boolean; createdAt: Date; updatedAt: Date; description: string; metadata: JsonValue; ... 6 more ...; sortOrder: number; }'.
src/routes/dashboard/user-dashboard.routes.ts(435,9): error TS1117: An object literal cannot have multiple properties with the same name.
src/routes/dashboard/user-dashboard.routes.ts(782,9): error TS7018: Object literal's property 'upcomingAppointments' implicitly has an 'any[]' type.
src/routes/emailTemplates.routes.ts(76,11): error TS2345: Argument of type 'number' is not assignable to parameter of type 'string'.
src/routes/emailTemplates.routes.ts(128,13): error TS2353: Object literal may only specify known properties, and 'metadata' does not exist in type '(Without<NotificationTemplateUpdateInput, NotificationTemplateUncheckedUpdateInput> & NotificationTemplateUncheckedUpdateInput) | (Without<...> & NotificationTemplateUpdateInput)'.
src/routes/emailTemplates.routes.ts(149,13): error TS2353: Object literal may only specify known properties, and 'metadata' does not exist in type '(Without<NotificationTemplateCreateInput, NotificationTemplateUncheckedCreateInput> & NotificationTemplateUncheckedCreateInput) | (Without<...> & NotificationTemplateCreateInput)'.
src/routes/emailTemplates.routes.ts(199,11): error TS2345: Argument of type 'number' is not assignable to parameter of type 'string'.
src/routes/emailTemplates.routes.ts(214,11): error TS2345: Argument of type 'number' is not assignable to parameter of type 'string'.
src/routes/emailTemplates.routes.ts(220,26): error TS2339: Property 'forEach' does not exist on type 'JsonValue'.
  Property 'forEach' does not exist on type 'string'.
src/routes/emailTemplates.routes.ts(289,38): error TS2339: Property 'map' does not exist on type 'JsonValue'.
  Property 'map' does not exist on type 'string'.
src/routes/health.routes.ts(74,10): error TS2339: Property 'responseTime' does not exist on type '{ status: string; timestamp: string; uptime: number; environment: string; version: string; checks: Record<string, any>; }'.
src/routes/intervention-report.routes.ts(530,62): error TS2339: Property 'generatePDF' does not exist on type 'InterventionReportOperationsService'.
src/routes/invoice.routes.ts(27,11): error TS2430: Interface 'AuthenticatedRequest' incorrectly extends interface 'Request<ParamsDictionary, any, any, ParsedQs, Record<string, any>>'.
  Types of property 'user' are incompatible.
    Type '{ id: string; role: Role; email: string; fullName?: string; }' is not assignable to type '{ id: string; email: string; fullName: string; role: Role; professionalId?: string; }'.
      Property 'fullName' is optional in type '{ id: string; role: Role; email: string; fullName?: string; }' but required in type '{ id: string; email: string; fullName: string; role: Role; professionalId?: string; }'.
src/routes/kb-documents.routes.ts(171,13): error TS2561: Object literal may only specify known properties, but 'Category' does not exist in type '(Without<KnowledgeBaseDocumentCreateInput, KnowledgeBaseDocumentUncheckedCreateInput> & KnowledgeBaseDocumentUncheckedCreateInput) | (Without<...> & KnowledgeBaseDocumentCreateInput)'. Did you mean to write 'category'?
src/routes/kb-documents.routes.ts(260,11): error TS2561: Object literal may only specify known properties, but 'uploadedBy' does not exist in type 'KnowledgeBaseDocumentSelect<DefaultArgs>'. Did you mean to write 'uploadedById'?
src/routes/knowledge-base.routes.ts(141,9): error TS2322: Type '{ professionalId: any; subcategoryId: any; fileName: any; originalName: any; filePath: any; fileType: any; fileSize: any; description: any; targetAudience: any; uploadedBy: any; isProcessed: false; isActive: true; }' is not assignable to type '(Without<KnowledgeBaseCreateInput, KnowledgeBaseUncheckedCreateInput> & KnowledgeBaseUncheckedCreateInput) | (Without<...> & KnowledgeBaseCreateInput)'.
  Type '{ professionalId: any; subcategoryId: any; fileName: any; originalName: any; filePath: any; fileType: any; fileSize: any; description: any; targetAudience: any; uploadedBy: any; isProcessed: false; isActive: true; }' is not assignable to type 'Without<KnowledgeBaseUncheckedCreateInput, KnowledgeBaseCreateInput> & KnowledgeBaseCreateInput'.
    Type '{ professionalId: any; subcategoryId: any; fileName: any; originalName: any; filePath: any; fileType: any; fileSize: any; description: any; targetAudience: any; uploadedBy: any; isProcessed: false; isActive: true; }' is not assignable to type 'Without<KnowledgeBaseUncheckedCreateInput, KnowledgeBaseCreateInput>'.
      Types of property 'professionalId' are incompatible.
        Type 'any' is not assignable to type 'never'.
src/routes/legal.routes.ts(291,9): error TS2322: Type '{ userId: any; documentId: any; versionId: any; acceptedAt: Date; method: AcceptanceMethod; ipAddress: any; userAgent: any; source: string; metadata: { timestamp: string; platform: string; documentTitle: string; documentVersion: string; }; }' is not assignable to type '(Without<UserLegalAcceptanceCreateInput, UserLegalAcceptanceUncheckedCreateInput> & UserLegalAcceptanceUncheckedCreateInput) | (Without<...> & UserLegalAcceptanceCreateInput)'.
  Type '{ userId: any; documentId: any; versionId: any; acceptedAt: Date; method: AcceptanceMethod; ipAddress: any; userAgent: any; source: string; metadata: { timestamp: string; platform: string; documentTitle: string; documentVersion: string; }; }' is not assignable to type 'Without<UserLegalAcceptanceUncheckedCreateInput, UserLegalAcceptanceCreateInput> & UserLegalAcceptanceCreateInput'.
    Type '{ userId: any; documentId: any; versionId: any; acceptedAt: Date; method: AcceptanceMethod; ipAddress: any; userAgent: any; source: string; metadata: { timestamp: string; platform: string; documentTitle: string; documentVersion: string; }; }' is not assignable to type 'Without<UserLegalAcceptanceUncheckedCreateInput, UserLegalAcceptanceCreateInput>'.
      Types of property 'userId' are incompatible.
        Type 'any' is not assignable to type 'never'.
src/routes/location.routes.ts(76,15): error TS2559: Type '"LOCATION_UPDATE"' has no properties in common with type 'AuditOptions'.
src/routes/location.routes.ts(392,15): error TS2559: Type '"LOCATION_CLEAR"' has no properties in common with type 'AuditOptions'.
src/routes/maps.routes.ts(56,22): error TS2339: Property 'value' does not exist on type '{ name: string; id: string; key: string; service: string; userId: string; permissions: JsonValue; rateLimit: number; expiresAt: Date; lastUsedAt: Date; isActive: boolean; createdAt: Date; updatedAt: Date; }'.
src/routes/maps.routes.ts(127,9): error TS2353: Object literal may only specify known properties, and 'departureTime' does not exist in type '{ mode?: "driving" | "walking" | "bicycling" | "transit"; units?: "metric" | "imperial"; avoidTolls?: boolean; avoidHighways?: boolean; }'.
src/routes/maps.routes.ts(209,9): error TS2353: Object literal may only specify known properties, and 'departureTime' does not exist in type '{ mode?: "driving" | "walking" | "bicycling" | "transit"; units?: "metric" | "imperial"; avoidTolls?: boolean; avoidHighways?: boolean; }'.
src/routes/maps.routes.ts(220,11): error TS7018: Object literal's property 'distance' implicitly has an 'any' type.
src/routes/maps.routes.ts(221,11): error TS7018: Object literal's property 'duration' implicitly has an 'any' type.
src/routes/maps.routes.ts(277,44): error TS2339: Property 'getDirections' does not exist on type 'typeof GoogleMapsService'.
src/routes/maps.routes.ts(300,22): error TS2339: Property 'routeHistory' does not exist on type 'PrismaClient<{ log: ("warn" | "error")[]; }, "warn" | "error", DefaultArgs>'.
src/routes/maps.routes.ts(359,7): error TS2353: Object literal may only specify known properties, and 'sessionToken' does not exist in type '{ types?: string[]; componentRestrictions?: { country?: string; }; location?: Coordinates; radius?: number; }'.
src/routes/maps.routes.ts(432,48): error TS2339: Property 'validateAddress' does not exist on type 'typeof GoogleMapsService'.
src/routes/notificationAdmin.routes.ts(13,11): error TS2430: Interface 'AuthenticatedRequest' incorrectly extends interface 'Request<ParamsDictionary, any, any, ParsedQs, Record<string, any>>'.
  Types of property 'user' are incompatible.
    Property 'fullName' is missing in type '{ id: string; email: string; role: string; }' but required in type '{ id: string; email: string; fullName: string; role: Role; professionalId?: string; }'.
src/routes/notificationAdmin.routes.ts(379,7): error TS2322: Type 'string[]' is not assignable to type '("websocket" | "push" | "email" | "sms")[]'.
  Type 'string' is not assignable to type '"websocket" | "push" | "email" | "sms"'.
src/routes/notificationTemplate.routes.ts(18,11): error TS2430: Interface 'AuthenticatedRequest' incorrectly extends interface 'Request<ParamsDictionary, any, any, ParsedQs, Record<string, any>>'.
  Types of property 'user' are incompatible.
    Property 'fullName' is missing in type '{ id: string; role: string; email: string; }' but required in type '{ id: string; email: string; fullName: string; role: Role; professionalId?: string; }'.
src/routes/payment.routes.ts(123,11): error TS2353: Object literal may only specify known properties, and 'professional' does not exist in type 'PaymentInclude<DefaultArgs>'.
src/routes/payment.routes.ts(264,11): error TS2353: Object literal may only specify known properties, and 'client' does not exist in type 'PaymentInclude<DefaultArgs>'.
src/routes/payment.routes.ts(318,9): error TS2353: Object literal may only specify known properties, and 'client' does not exist in type 'PaymentInclude<DefaultArgs>'.
src/routes/payment.routes.ts(398,66): error TS2554: Expected 1 arguments, but got 2.
src/routes/payment.routes.ts(417,71): error TS2554: Expected 1 arguments, but got 2.
src/routes/payment.routes.ts(430,70): error TS2345: Argument of type 'number' is not assignable to parameter of type 'string'.
src/routes/payment.routes.ts(434,83): error TS2345: Argument of type 'number' is not assignable to parameter of type 'string'.
src/routes/payment.routes.v5.ts(123,11): error TS2353: Object literal may only specify known properties, and 'client' does not exist in type 'PaymentInclude<DefaultArgs>'.
src/routes/payment.routes.v5.ts(193,9): error TS2353: Object literal may only specify known properties, and 'client' does not exist in type 'PaymentInclude<DefaultArgs>'.
src/routes/payment.routes.v5.ts(273,66): error TS2554: Expected 1 arguments, but got 2.
src/routes/payment.routes.v5.ts(292,71): error TS2554: Expected 1 arguments, but got 2.
src/routes/payment.routes.v5.ts(305,70): error TS2345: Argument of type 'number' is not assignable to parameter of type 'string'.
src/routes/payment.routes.v5.ts(309,83): error TS2345: Argument of type 'number' is not assignable to parameter of type 'string'.
src/routes/pricing.routes.ts(48,59): error TS2345: Argument of type 'ZodIssue[]' is not assignable to parameter of type 'string'.
src/routes/pricing.routes.ts(93,59): error TS2345: Argument of type 'ZodIssue[]' is not assignable to parameter of type 'string'.
src/routes/pricing.routes.ts(189,7): error TS2345: Argument of type '{ error: any; stack: any; }' is not assignable to parameter of type 'string'.
src/routes/pricing.routes.ts(220,7): error TS2345: Argument of type '{ error: any; }' is not assignable to parameter of type 'string'.
src/routes/profession-categories.routes.ts(23,15): error TS2559: Type '"LIST_PROFESSION_CATEGORIES"' has no properties in common with type 'AuditOptions'.
src/routes/profession-categories.routes.ts(74,15): error TS2559: Type '"GET_PROFESSION_CATEGORIES"' has no properties in common with type 'AuditOptions'.
src/routes/profession-categories.routes.ts(121,15): error TS2559: Type '"CREATE_PROFESSION_CATEGORY"' has no properties in common with type 'AuditOptions'.
src/routes/profession-categories.routes.ts(176,11): error TS2353: Object literal may only specify known properties, and 'description' does not exist in type '(Without<ProfessionCategoryCreateInput, ProfessionCategoryUncheckedCreateInput> & ProfessionCategoryUncheckedCreateInput) | (Without<...> & ProfessionCategoryCreateInput)'.
src/routes/profession-categories.routes.ts(209,15): error TS2559: Type '"UPDATE_PROFESSION_CATEGORY"' has no properties in common with type 'AuditOptions'.
src/routes/profession-categories.routes.ts(240,11): error TS2353: Object literal may only specify known properties, and 'description' does not exist in type '(Without<ProfessionCategoryUpdateInput, ProfessionCategoryUncheckedUpdateInput> & ProfessionCategoryUncheckedUpdateInput) | (Without<...> & ProfessionCategoryUpdateInput)'.
src/routes/profession-categories.routes.ts(271,15): error TS2559: Type '"DELETE_PROFESSION_CATEGORY"' has no properties in common with type 'AuditOptions'.
src/routes/profession-categories.routes.ts(318,15): error TS2559: Type '"BULK_UPDATE_PROFESSION_CATEGORIES"' has no properties in common with type 'AuditOptions'.
src/routes/profession-categories.routes.ts(369,13): error TS2322: Type '{ professionId: any; categoryId: any; isActive: true; }[]' is not assignable to type 'ProfessionCategoryCreateManyInput | ProfessionCategoryCreateManyInput[]'.
  Type '{ professionId: any; categoryId: any; isActive: true; }[]' is not assignable to type 'ProfessionCategoryCreateManyInput[]'.
    Property 'id' is missing in type '{ professionId: any; categoryId: any; isActive: true; }' but required in type 'ProfessionCategoryCreateManyInput'.
src/routes/professional-details.routes.ts(62,9): error TS7034: Variable 'professionCategories' implicitly has type 'any[]' in some locations where its type cannot be determined.
src/routes/professional-details.routes.ts(81,7): error TS7005: Variable 'professionCategories' implicitly has an 'any[]' type.
src/routes/professional-details.routes.ts(163,9): error TS7034: Variable 'professionCategories' implicitly has type 'any[]' in some locations where its type cannot be determined.
src/routes/professional-details.routes.ts(179,7): error TS7005: Variable 'professionCategories' implicitly has an 'any[]' type.
src/routes/professional.routes.ts(142,20): error TS2339: Property 'distance' does not exist on type '{ client: { id: string; fullName: string; city: string; province: string; }; category: { name: string; id: string; isActive: boolean; createdAt: Date; updatedAt: Date; description: string; ... 4 more ...; textColor: string; }; subcategory: { ...; }; } & { ...; }'.
src/routes/professional.routes.ts(142,35): error TS2339: Property 'distance' does not exist on type '{ client: { id: string; fullName: string; city: string; province: string; }; category: { name: string; id: string; isActive: boolean; createdAt: Date; updatedAt: Date; description: string; ... 4 more ...; textColor: string; }; subcategory: { ...; }; } & { ...; }'.
src/routes/professional.routes.ts(143,22): error TS2339: Property 'distance' does not exist on type '{ client: { id: string; fullName: string; city: string; province: string; }; category: { name: string; id: string; isActive: boolean; createdAt: Date; updatedAt: Date; description: string; ... 4 more ...; textColor: string; }; subcategory: { ...; }; } & { ...; }'.
src/routes/professional.routes.ts(143,49): error TS2339: Property 'distance' does not exist on type '{ client: { id: string; fullName: string; city: string; province: string; }; category: { name: string; id: string; isActive: boolean; createdAt: Date; updatedAt: Date; description: string; ... 4 more ...; textColor: string; }; subcategory: { ...; }; } & { ...; }'.
src/routes/professional.routes.ts(349,11): error TS2561: Object literal may only specify known properties, but 'Client' does not exist in type 'AssistanceRequestInclude<DefaultArgs>'. Did you mean to write 'client'?
src/routes/professional.routes.ts(367,11): error TS2353: Object literal may only specify known properties, and 'message' does not exist in type '(Without<NotificationCreateInput, NotificationUncheckedCreateInput> & NotificationUncheckedCreateInput) | (Without<...> & NotificationCreateInput)'.
src/routes/professional.routes.ts(406,9): error TS2353: Object literal may only specify known properties, and 'approvalNotes' does not exist in type '(Without<UserUpdateInput, UserUncheckedUpdateInput> & UserUncheckedUpdateInput) | (Without<...> & UserUpdateInput)'.
src/routes/professional.routes.ts(411,31): error TS2339: Property 'sendToUser' does not exist on type 'typeof import("/Users/lucamambelli/Desktop/Richiesta-Assistenza/backend/src/services/notification.service")'.
src/routes/professional.routes.ts(438,9): error TS2353: Object literal may only specify known properties, and 'rejectedAt' does not exist in type '(Without<UserUpdateInput, UserUncheckedUpdateInput> & UserUncheckedUpdateInput) | (Without<...> & UserUpdateInput)'.
src/routes/professional.routes.ts(445,31): error TS2339: Property 'sendToUser' does not exist on type 'typeof import("/Users/lucamambelli/Desktop/Richiesta-Assistenza/backend/src/services/notification.service")'.
src/routes/professional.routes.ts(501,24): error TS2339: Property 'sendEmail' does not exist on type 'typeof import("/Users/lucamambelli/Desktop/Richiesta-Assistenza/backend/src/services/email.service")'.
src/routes/professional.routes.ts(511,9): error TS2322: Type '"REQUEST_DOCUMENTS"' is not assignable to type 'AuditAction'.
src/routes/professional.routes.ts(521,9): error TS2322: Type '"ADMIN"' is not assignable to type 'LogCategory'.
src/routes/professional.routes.ts(526,31): error TS2339: Property 'sendToUser' does not exist on type 'typeof import("/Users/lucamambelli/Desktop/Richiesta-Assistenza/backend/src/services/notification.service")'.
src/routes/professionalPhrases.routes.ts(160,7): error TS2561: Object literal may only specify known properties, but 'category' does not exist in type '{ professionalId: string; Category: "note" | "problem" | "solution" | "recommendation"; code: string; title: string; content: string; isFavorite?: boolean; }'. Did you mean to write 'Category'?
src/routes/professionals.routes.ts(16,11): error TS2430: Interface 'AuthenticatedRequest' incorrectly extends interface 'Request<ParamsDictionary, any, any, ParsedQs, Record<string, any>>'.
  Types of property 'user' are incompatible.
    Property 'fullName' is missing in type '{ id: string; role: string; email: string; }' but required in type '{ id: string; email: string; fullName: string; role: Role; professionalId?: string; }'.
src/routes/professionals.routes.ts(282,13): error TS2561: Object literal may only specify known properties, but 'subcategory' does not exist in type '(Without<ProfessionalAiSettingsCreateInput, ProfessionalAiSettingsUncheckedCreateInput> & ProfessionalAiSettingsUncheckedCreateInput) | (Without<...> & ProfessionalAiSettingsCreateInput)'. Did you mean to write 'Subcategory'?
src/routes/professionals.routes.ts(333,11): error TS2561: Object literal may only specify known properties, but 'subcategory' does not exist in type '(Without<ProfessionalAiSettingsCreateInput, ProfessionalAiSettingsUncheckedCreateInput> & ProfessionalAiSettingsUncheckedCreateInput) | (Without<...> & ProfessionalAiSettingsCreateInput)'. Did you mean to write 'Subcategory'?
src/routes/professionals.routes.ts(414,9): error TS2322: Type '{ updatedAt: Date; level?: "intermediate" | "advanced" | "beginner" | "expert"; name?: string; id: string; User: { connect: { id: string; }; }; }' is not assignable to type '(Without<ProfessionalSkillCreateInput, ProfessionalSkillUncheckedCreateInput> & ProfessionalSkillUncheckedCreateInput) | (Without<...> & ProfessionalSkillCreateInput)'.
  Type '{ updatedAt: Date; level?: "intermediate" | "advanced" | "beginner" | "expert"; name?: string; id: string; User: { connect: { id: string; }; }; }' is not assignable to type 'Without<ProfessionalSkillUncheckedCreateInput, ProfessionalSkillCreateInput> & ProfessionalSkillCreateInput'.
    Type '{ updatedAt: Date; level?: "intermediate" | "advanced" | "beginner" | "expert"; name?: string; id: string; User: { connect: { id: string; }; }; }' is not assignable to type 'ProfessionalSkillCreateInput'.
      Property 'name' is optional in type '{ updatedAt: Date; level?: "intermediate" | "advanced" | "beginner" | "expert"; name?: string; id: string; User: { connect: { id: string; }; }; }' but required in type 'ProfessionalSkillCreateInput'.
src/routes/professionals.routes.ts(506,9): error TS2322: Type '{ validUntil: Date; updatedAt: Date; name?: string; isVerified?: boolean; issuer?: string; id: string; User: { connect: { id: string; }; }; }' is not assignable to type '(Without<ProfessionalCertificationCreateInput, ProfessionalCertificationUncheckedCreateInput> & ProfessionalCertificationUncheckedCreateInput) | (Without<...> & ProfessionalCertificationCreateInput)'.
  Type '{ validUntil: Date; updatedAt: Date; name?: string; isVerified?: boolean; issuer?: string; id: string; User: { connect: { id: string; }; }; }' is not assignable to type 'Without<ProfessionalCertificationUncheckedCreateInput, ProfessionalCertificationCreateInput> & ProfessionalCertificationCreateInput'.
    Type '{ validUntil: Date; updatedAt: Date; name?: string; isVerified?: boolean; issuer?: string; id: string; User: { connect: { id: string; }; }; }' is not assignable to type 'ProfessionalCertificationCreateInput'.
      Property 'name' is optional in type '{ validUntil: Date; updatedAt: Date; name?: string; isVerified?: boolean; issuer?: string; id: string; User: { connect: { id: string; }; }; }' but required in type 'ProfessionalCertificationCreateInput'.
src/routes/professionalSkillsCertifications.routes.ts(73,7): error TS2322: Type '{ userId: any; name: any; level: any; }' is not assignable to type '(Without<ProfessionalSkillCreateInput, ProfessionalSkillUncheckedCreateInput> & ProfessionalSkillUncheckedCreateInput) | (Without<...> & ProfessionalSkillCreateInput)'.
  Type '{ userId: any; name: any; level: any; }' is not assignable to type 'Without<ProfessionalSkillUncheckedCreateInput, ProfessionalSkillCreateInput> & ProfessionalSkillCreateInput'.
    Type '{ userId: any; name: any; level: any; }' is not assignable to type 'Without<ProfessionalSkillUncheckedCreateInput, ProfessionalSkillCreateInput>'.
      Types of property 'userId' are incompatible.
        Type 'any' is not assignable to type 'never'.
src/routes/professionalSkillsCertifications.routes.ts(236,7): error TS2322: Type '{ userId: any; name: any; issuer: any; validUntil: Date; isVerified: any; }' is not assignable to type '(Without<ProfessionalCertificationCreateInput, ProfessionalCertificationUncheckedCreateInput> & ProfessionalCertificationUncheckedCreateInput) | (Without<...> & ProfessionalCertificationCreateInput)'.
  Type '{ userId: any; name: any; issuer: any; validUntil: Date; isVerified: any; }' is not assignable to type 'Without<ProfessionalCertificationUncheckedCreateInput, ProfessionalCertificationCreateInput> & ProfessionalCertificationCreateInput'.
    Type '{ userId: any; name: any; issuer: any; validUntil: Date; isVerified: any; }' is not assignable to type 'Without<ProfessionalCertificationUncheckedCreateInput, ProfessionalCertificationCreateInput>'.
      Types of property 'userId' are incompatible.
        Type 'any' is not assignable to type 'never'.
src/routes/professions.routes.ts(137,7): error TS2322: Type '{ name: any; slug: any; description: any; isActive: any; displayOrder: any; }' is not assignable to type '(Without<ProfessionCreateInput, ProfessionUncheckedCreateInput> & ProfessionUncheckedCreateInput) | (Without<...> & ProfessionCreateInput)'.
  Type '{ name: any; slug: any; description: any; isActive: any; displayOrder: any; }' is not assignable to type 'Without<ProfessionUncheckedCreateInput, ProfessionCreateInput> & ProfessionCreateInput'.
    Type '{ name: any; slug: any; description: any; isActive: any; displayOrder: any; }' is missing the following properties from type 'ProfessionCreateInput': id, updatedAt
src/routes/public.routes.ts(135,13): error TS2322: Type 'string' is not assignable to type 'LegalDocumentType | EnumLegalDocumentTypeFilter<"LegalDocument">'.
src/routes/public.routes.ts(157,53): error TS2339: Property 'versions' does not exist on type '{ type: LegalDocumentType; displayName: string; id: string; isActive: boolean; createdAt: Date; updatedAt: Date; description: string; metadata: JsonValue; ... 6 more ...; sortOrder: number; }'.
src/routes/public.routes.ts(158,37): error TS2339: Property 'versions' does not exist on type '{ type: LegalDocumentType; displayName: string; id: string; isActive: boolean; createdAt: Date; updatedAt: Date; description: string; metadata: JsonValue; ... 6 more ...; sortOrder: number; }'.
src/routes/public.routes.ts(159,34): error TS2339: Property 'versions' does not exist on type '{ type: LegalDocumentType; displayName: string; id: string; isActive: boolean; createdAt: Date; updatedAt: Date; description: string; metadata: JsonValue; ... 6 more ...; sortOrder: number; }'.
src/routes/public.routes.ts(197,9): error TS2322: Type 'string' is not assignable to type 'LegalDocumentType | EnumLegalDocumentTypeFilter<"LegalDocument">'.
src/routes/public.routes.ts(217,31): error TS2339: Property 'versions' does not exist on type '{ type: LegalDocumentType; displayName: string; id: string; isActive: boolean; createdAt: Date; updatedAt: Date; description: string; metadata: JsonValue; ... 6 more ...; sortOrder: number; }'.
src/routes/public.routes.ts(480,37): error TS2339: Property 'versions' does not exist on type '{ type: LegalDocumentType; displayName: string; id: string; isActive: boolean; createdAt: Date; updatedAt: Date; description: string; metadata: JsonValue; ... 6 more ...; sortOrder: number; }'.
src/routes/quote.routes.ts(28,11): error TS2430: Interface 'AuthRequest' incorrectly extends interface 'Request<ParamsDictionary, any, any, ParsedQs, Record<string, any>>'.
  Types of property 'user' are incompatible.
    Type 'UserPayload' is not assignable to type '{ id: string; email: string; fullName: string; role: Role; professionalId?: string; }'.
      Property 'fullName' is optional in type 'UserPayload' but required in type '{ id: string; email: string; fullName: string; role: Role; professionalId?: string; }'.
src/routes/quote.routes.ts(143,9): error TS2322: Type 'QuoteWhereClause' is not assignable to type 'QuoteWhereInput'.
  Types of property 'status' are incompatible.
    Type 'string | { not: string; }' is not assignable to type 'EnumQuoteStatusFilter<"Quote"> | QuoteStatus'.
      Type 'string' is not assignable to type 'EnumQuoteStatusFilter<"Quote"> | QuoteStatus'.
src/routes/quote.routes.ts(181,19): error TS2551: Property 'items' does not exist on type '{ status: QuoteStatus; id: string; expiresAt: Date; createdAt: Date; updatedAt: Date; description: string; amount: Decimal; currency: string; professionalId: string; ... 15 more ...; depositPaidAt: Date; }'. Did you mean 'terms'?
src/routes/quote.routes.ts(181,34): error TS2551: Property 'items' does not exist on type '{ status: QuoteStatus; id: string; expiresAt: Date; createdAt: Date; updatedAt: Date; description: string; amount: Decimal; currency: string; professionalId: string; ... 15 more ...; depositPaidAt: Date; }'. Did you mean 'terms'?
src/routes/quote.routes.ts(182,31): error TS2551: Property 'items' does not exist on type '{ status: QuoteStatus; id: string; expiresAt: Date; createdAt: Date; updatedAt: Date; description: string; amount: Decimal; currency: string; professionalId: string; ... 15 more ...; depositPaidAt: Date; }'. Did you mean 'terms'?
src/routes/quote.routes.ts(182,45): error TS7006: Parameter 'sum' implicitly has an 'any' type.
src/routes/quote.routes.ts(182,50): error TS7006: Parameter 'item' implicitly has an 'any' type.
src/routes/quote.routes.ts(192,26): error TS2551: Property 'request' does not exist on type '{ status: QuoteStatus; id: string; expiresAt: Date; createdAt: Date; updatedAt: Date; description: string; amount: Decimal; currency: string; professionalId: string; ... 15 more ...; depositPaidAt: Date; }'. Did you mean 'requestId'?
src/routes/quote.routes.ts(193,31): error TS2551: Property 'professional' does not exist on type '{ status: QuoteStatus; id: string; expiresAt: Date; createdAt: Date; updatedAt: Date; description: string; amount: Decimal; currency: string; professionalId: string; ... 15 more ...; depositPaidAt: Date; }'. Did you mean 'professionalId'?
src/routes/quote.routes.ts(194,24): error TS2551: Property 'items' does not exist on type '{ status: QuoteStatus; id: string; expiresAt: Date; createdAt: Date; updatedAt: Date; description: string; amount: Decimal; currency: string; professionalId: string; ... 15 more ...; depositPaidAt: Date; }'. Did you mean 'terms'?
src/routes/quote.routes.ts(194,35): error TS7006: Parameter 'item' implicitly has an 'any' type.
src/routes/quote.routes.ts(204,48): error TS2322: Type 'QuoteWhereClause' is not assignable to type 'QuoteWhereInput'.
  Types of property 'status' are incompatible.
    Type 'string | { not: string; }' is not assignable to type 'EnumQuoteStatusFilter<"Quote"> | QuoteStatus'.
      Type 'string' is not assignable to type 'EnumQuoteStatusFilter<"Quote"> | QuoteStatus'.
src/routes/quote.routes.ts(736,11): error TS2353: Object literal may only specify known properties, and 'professional' does not exist in type 'QuoteRevisionInclude<DefaultArgs>'.
src/routes/quote.routes.ts(869,68): error TS2554: Expected 1 arguments, but got 2.
src/routes/quote.routes.ts(1000,68): error TS2554: Expected 1 arguments, but got 2.
src/routes/referral.routes.ts(28,15): error TS2559: Type '"REFERRAL_GET_CODE"' has no properties in common with type 'AuditOptions'.
src/routes/referral.routes.ts(54,15): error TS2559: Type '"REFERRAL_SEND_INVITE"' has no properties in common with type 'AuditOptions'.
src/routes/referral.routes.ts(115,15): error TS2559: Type '"REFERRAL_GET_STATS"' has no properties in common with type 'AuditOptions'.
src/routes/referral.routes.ts(172,15): error TS2559: Type '"REFERRAL_TRACK_SIGNUP"' has no properties in common with type 'AuditOptions'.
src/routes/referral.routes.ts(199,15): error TS2559: Type '"REFERRAL_TRACK_CONVERSION"' has no properties in common with type 'AuditOptions'.
src/routes/referral.routes.ts(256,15): error TS2559: Type '"REFERRAL_CLEANUP"' has no properties in common with type 'AuditOptions'.
src/routes/request-mock.routes.ts(68,5): error TS7018: Object literal's property 'attachments' implicitly has an 'any[]' type.
src/routes/request-mock.routes.ts(93,55): error TS2551: Property 'category' does not exist on type '{ id: string; title: string; description: string; Category: string; status: string; priority: string; address: string; city: string; province: string; postalCode: string; createdAt: string; updatedAt: string; ... 7 more ...; quotes: { ...; }[]; }'. Did you mean 'Category'?
src/routes/request.routes.ts(616,28): error TS7006: Parameter 'res' implicitly has an 'any' type.
src/routes/request.routes.ts(697,72): error TS2554: Expected 1 arguments, but got 2.
src/routes/request.routes.ts(1063,71): error TS2554: Expected 1 arguments, but got 2.
src/routes/request.routes.ts(1079,77): error TS2554: Expected 1 arguments, but got 2.
src/routes/request.routes.ts(1133,77): error TS2554: Expected 1 arguments, but got 2.
src/routes/request.routes.ts(1373,59): error TS2554: Expected 1 arguments, but got 2.
src/routes/reviews.routes.ts(37,15): error TS2559: Type '"CREATE_REVIEW"' has no properties in common with type 'AuditOptions'.
src/routes/reviews.routes.ts(209,15): error TS2559: Type '"DELETE_REVIEW"' has no properties in common with type 'AuditOptions'.
src/routes/security.routes.ts(8,11): error TS2430: Interface 'AuthRequest' incorrectly extends interface 'Request<ParamsDictionary, any, any, ParsedQs, Record<string, any>>'.
  Types of property 'user' are incompatible.
    Property 'fullName' is missing in type '{ id: string; email: string; role: string; }' but required in type '{ id: string; email: string; fullName: string; role: Role; professionalId?: string; }'.
src/routes/security.routes.ts(186,33): error TS2339: Property 'PERMISSION_DENIED' does not exist on type '{ LOGIN_SUCCESS: "LOGIN_SUCCESS"; LOGIN_FAILED: "LOGIN_FAILED"; LOGOUT: "LOGOUT"; PASSWORD_CHANGED: "PASSWORD_CHANGED"; PASSWORD_RESET_REQUESTED: "PASSWORD_RESET_REQUESTED"; PASSWORD_RESET_COMPLETED: "PASSWORD_RESET_COMPLETED"; ... 46 more ...; CLEANUP_CONFIG_UPDATED: "CLEANUP_CONFIG_UPDATED"; }'.
src/routes/security.routes.ts(210,27): error TS2339: Property 'details' does not exist on type '{ user: { email: string; firstName: string; lastName: string; }; } & { timestamp: Date; id: string; userId: string; errorMessage: string; metadata: JsonValue; requestId: string; ... 17 more ...; category: LogCategory; }'.
src/routes/security.routes.ts(221,26): error TS2339: Property 'PERMISSION_DENIED' does not exist on type '{ LOGIN_SUCCESS: "LOGIN_SUCCESS"; LOGIN_FAILED: "LOGIN_FAILED"; LOGOUT: "LOGOUT"; PASSWORD_CHANGED: "PASSWORD_CHANGED"; PASSWORD_RESET_REQUESTED: "PASSWORD_RESET_REQUESTED"; PASSWORD_RESET_COMPLETED: "PASSWORD_RESET_COMPLETED"; ... 46 more ...; CLEANUP_CONFIG_UPDATED: "CLEANUP_CONFIG_UPDATED"; }'.
src/routes/security.routes.ts(367,9): error TS2353: Object literal may only specify known properties, and 'details' does not exist in type '(Without<AuditLogCreateInput, AuditLogUncheckedCreateInput> & AuditLogUncheckedCreateInput) | (Without<...> & AuditLogCreateInput)'.
src/routes/travel.routes.ts(671,9): error TS2345: Argument of type '{ code: string; }' is not assignable to parameter of type 'string'.
src/routes/travel.routes.ts(682,9): error TS2345: Argument of type '{ code: string; }' is not assignable to parameter of type 'string'.
src/routes/travel.routes.ts(700,9): error TS2345: Argument of type '{ code: string; }' is not assignable to parameter of type 'string'.
src/routes/travel.routes.ts(713,9): error TS2345: Argument of type '{ code: string; }' is not assignable to parameter of type 'string'.
src/routes/travel.routes.ts(719,51): error TS2339: Property 'travelRatePerKm' does not exist on type '{ id: string; firstName: string; lastName: string; address: string; city: string; province: string; postalCode: string; workAddress: string; workCity: string; workProvince: string; workPostalCode: string; }'.
src/routes/travel.routes.ts(753,7): error TS2345: Argument of type '{ error: any; }' is not assignable to parameter of type 'string'.
src/routes/travel.routes.ts(769,9): error TS2345: Argument of type '{ code: string; }' is not assignable to parameter of type 'string'.
src/routes/travel.routes.ts(790,9): error TS2345: Argument of type '{ code: string; }' is not assignable to parameter of type 'string'.
src/routes/travel.routes.ts(816,7): error TS2345: Argument of type '{ error: any; }' is not assignable to parameter of type 'string'.
src/routes/travelCostRoutes.ts(31,43): error TS2345: Argument of type '{ professionalId: string; baseCost: number; freeDistanceKm: number; isActive: boolean; costRanges: { fromKm: number; toKm: number; costPerKm: number; }[]; supplements: { supplementType: string; percentage: number; fixedAmount: number; isActive: boolean; }[]; }' is not assignable to parameter of type 'string'.
src/routes/travelCostRoutes.ts(34,36): error TS2345: Argument of type 'Response<any, Record<string, any>, number>' is not assignable to parameter of type 'string | { code?: string; error?: string; message?: string; }'.
src/routes/travelCostRoutes.ts(40,41): error TS2345: Argument of type '{}' is not assignable to parameter of type 'string'.
src/routes/user-subcategories.routes.ts(82,7): error TS2322: Type '{ subcategoryId?: string; experienceLevel?: "BASIC" | "INTERMEDIATE" | "ADVANCED" | "EXPERT"; }[]' is not assignable to type '{ subcategoryId: string; experienceLevel: string; }[]'.
  Type '{ subcategoryId?: string; experienceLevel?: "BASIC" | "INTERMEDIATE" | "ADVANCED" | "EXPERT"; }' is not assignable to type '{ subcategoryId: string; experienceLevel: string; }'.
    Property 'subcategoryId' is optional in type '{ subcategoryId?: string; experienceLevel?: "BASIC" | "INTERMEDIATE" | "ADVANCED" | "EXPERT"; }' but required in type '{ subcategoryId: string; experienceLevel: string; }'.
src/routes/user-subcategories.routes.ts(327,7): error TS2322: Type '{ subcategoryId?: string; experienceLevel?: "BASIC" | "INTERMEDIATE" | "ADVANCED" | "EXPERT"; }[]' is not assignable to type '{ subcategoryId: string; experienceLevel: string; }[]'.
  Type '{ subcategoryId?: string; experienceLevel?: "BASIC" | "INTERMEDIATE" | "ADVANCED" | "EXPERT"; }' is not assignable to type '{ subcategoryId: string; experienceLevel: string; }'.
    Property 'subcategoryId' is optional in type '{ subcategoryId?: string; experienceLevel?: "BASIC" | "INTERMEDIATE" | "ADVANCED" | "EXPERT"; }' but required in type '{ subcategoryId: string; experienceLevel: string; }'.
src/routes/whatsapp-clean.routes.ts(7,30): error TS2307: Cannot find module '../../middleware/auth' or its corresponding type declarations.
src/routes/whatsapp-clean.routes.ts(8,27): error TS2307: Cannot find module '../../middleware/checkRole' or its corresponding type declarations.
src/routes/whatsapp-clean.routes.ts(9,35): error TS2307: Cannot find module '../../utils/responseFormatter' or its corresponding type declarations.
src/routes/whatsapp-clean.routes.ts(10,29): error TS2307: Cannot find module '../../services/whatsapp-unified.service' or its corresponding type declarations.
src/routes/whatsapp-clean.routes.ts(11,20): error TS2307: Cannot find module '../../utils/logger' or its corresponding type declarations.
src/routes/whatsapp-contacts.routes.ts(27,9): error TS7018: Object literal's property 'user' implicitly has an 'any' type.
src/routes/whatsapp-contacts.routes.ts(28,9): error TS7018: Object literal's property 'professional' implicitly has an 'any' type.
src/routes/whatsapp-contacts.routes.ts(76,7): error TS7018: Object literal's property 'messages' implicitly has an 'any[]' type.
src/routes/whatsapp-contacts.routes.ts(77,7): error TS7018: Object literal's property 'user' implicitly has an 'any' type.
src/routes/whatsapp-contacts.routes.ts(78,7): error TS7018: Object literal's property 'professional' implicitly has an 'any' type.
src/routes/whatsapp.routes.ts(32,48): error TS2559: Type '"WHATSAPP_SEND"' has no properties in common with type 'AuditOptions'.
src/routes/whatsapp.routes.ts(104,90): error TS2559: Type '"WHATSAPP_SEND_BULK"' has no properties in common with type 'AuditOptions'.
src/routes/whatsapp.routes.ts(240,62): error TS2559: Type '"WHATSAPP_TEMPLATE_SEND"' has no properties in common with type 'AuditOptions'.
src/routes/whatsapp.routes.ts(274,104): error TS2559: Type '"WHATSAPP_TEMPLATE_BULK"' has no properties in common with type 'AuditOptions'.
src/routes/whatsapp.routes.ts(565,9): error TS2353: Object literal may only specify known properties, and 'contact' does not exist in type 'WhatsAppMessageInclude<DefaultArgs>'.
src/routes/whatsapp.routes.ts(985,10): error TS2440: Import declaration conflicts with local declaration of 'prisma'.
src/server_mio.ts(156,44): error TS2307: Cannot find module './routes/professional-registration.routes' or its corresponding type declarations.
src/server_mio.ts(160,42): error TS2307: Cannot find module './routes/professional-ai-settings.routes' or its corresponding type declarations.
src/server_mio.ts(405,42): error TS2307: Cannot find module './routes/professional-ai-settings.routes' or its corresponding type declarations.
src/services/admin/document-template.service.ts(100,7): error TS2322: Type '{ name: string; description: string; type: string; content: string; createdById: string; metadata: { tags?: string[]; category?: string; isPublic?: boolean; }; }' is not assignable to type '(Without<DocumentTemplateCreateInput, DocumentTemplateUncheckedCreateInput> & DocumentTemplateUncheckedCreateInput) | (Without<...> & DocumentTemplateCreateInput)'.
  Type '{ name: string; description: string; type: string; content: string; createdById: string; metadata: { tags?: string[]; category?: string; isPublic?: boolean; }; }' is not assignable to type 'Without<DocumentTemplateUncheckedCreateInput, DocumentTemplateCreateInput> & DocumentTemplateCreateInput'.
    Type '{ name: string; description: string; type: string; content: string; createdById: string; metadata: { tags?: string[]; category?: string; isPublic?: boolean; }; }' is not assignable to type 'Without<DocumentTemplateUncheckedCreateInput, DocumentTemplateCreateInput>'.
      Types of property 'createdById' are incompatible.
        Type 'string' is not assignable to type 'never'.
src/services/admin/document-template.service.ts(153,7): error TS2322: Type '{ name: string; description: string; type: $Enums.LegalDocumentType; content: string; createdById: string; metadata: { sourceDocumentId: string; sourceVersionId: string; sourceDocumentName: string; }; }' is not assignable to type '(Without<DocumentTemplateCreateInput, DocumentTemplateUncheckedCreateInput> & DocumentTemplateUncheckedCreateInput) | (Without<...> & DocumentTemplateCreateInput)'.
  Type '{ name: string; description: string; type: $Enums.LegalDocumentType; content: string; createdById: string; metadata: { sourceDocumentId: string; sourceVersionId: string; sourceDocumentName: string; }; }' is not assignable to type 'Without<DocumentTemplateUncheckedCreateInput, DocumentTemplateCreateInput> & DocumentTemplateCreateInput'.
    Type '{ name: string; description: string; type: $Enums.LegalDocumentType; content: string; createdById: string; metadata: { sourceDocumentId: string; sourceVersionId: string; sourceDocumentName: string; }; }' is not assignable to type 'Without<DocumentTemplateUncheckedCreateInput, DocumentTemplateCreateInput>'.
      Types of property 'createdById' are incompatible.
        Type 'string' is not assignable to type 'never'.
src/services/ai-duale-helper.service.ts(166,9): error TS2353: Object literal may only specify known properties, and 'aiEnabled' does not exist in type 'ProfessionalWhatsAppSelect<DefaultArgs>'.
src/services/ai-duale-helper.service.ts(210,18): error TS2551: Property 'professionalWhatsAppMessage' does not exist on type 'PrismaClient<{ log: ("warn" | "error")[]; }, "warn" | "error", DefaultArgs>'. Did you mean 'professionalWhatsApp'?
src/services/ai-professional.service.ts(86,23): error TS2339: Property 'professionalId' does not exist on type 'AiChatRequest'.
src/services/ai-professional.service.ts(90,54): error TS2339: Property 'professionalId' does not exist on type 'AiChatRequest'.
src/services/ai-professional.service.ts(101,45): error TS2339: Property 'professionalId' does not exist on type 'AiChatRequest'.
src/services/ai-professional.service.ts(118,45): error TS2339: Property 'professionalId' does not exist on type 'AiChatRequest'.
src/services/ai-professional.service.ts(184,50): error TS2339: Property 'professionalId' does not exist on type 'AiChatRequest'.
src/services/ai-professional.service.ts(188,23): error TS2339: Property 'professionalId' does not exist on type 'AiChatRequest'.
src/services/ai-professional.service.ts(195,25): error TS2339: Property 'professionalId' does not exist on type 'AiChatRequest'.
src/services/ai-simple.service.ts(69,13): error TS2561: Object literal may only specify known properties, but 'Client' does not exist in type 'AssistanceRequestInclude<DefaultArgs>'. Did you mean to write 'client'?
src/services/ai.service.ts(254,30): error TS2339: Property 'usage' does not exist on type 'unknown'.
src/services/approval-workflow.service.ts(402,9): error TS2322: Type '{ entityType: string; entityId: string; action: string; oldValues: any; newValues: any; userId: string; timestamp: Date; }' is not assignable to type '(Without<DocumentConfigAuditCreateInput, DocumentConfigAuditUncheckedCreateInput> & DocumentConfigAuditUncheckedCreateInput) | (Without<...> & DocumentConfigAuditCreateInput)'.
  Type '{ entityType: string; entityId: string; action: string; oldValues: any; newValues: any; userId: string; timestamp: Date; }' is not assignable to type 'Without<DocumentConfigAuditUncheckedCreateInput, DocumentConfigAuditCreateInput> & DocumentConfigAuditCreateInput'.
    Property 'id' is missing in type '{ entityType: string; entityId: string; action: string; oldValues: any; newValues: any; userId: string; timestamp: Date; }' but required in type 'DocumentConfigAuditCreateInput'.
src/services/approval-workflow.service.ts(426,11): error TS7018: Object literal's property 'documentType' implicitly has an 'any' type.
src/services/calendar/calendar.service.ts(46,61): error TS2345: Argument of type '"google_calendar"' is not assignable to parameter of type '"GOOGLE_MAPS" | "BREVO" | "OPENAI" | "TINYMCE" | "whatsapp" | "STRIPE" | "STRIPE_PUBLIC" | "STRIPE_WEBHOOK"'.
src/services/calendar/calendar.service.ts(257,7): error TS2322: Type '{ id: any; requestId: any; professionalId: any; proposedDate: Date; confirmedDate: Date; estimatedDuration: any; description: any; notes: any; status: any; clientConfirmed: any; createdBy: any; }' is not assignable to type '(Without<ScheduledInterventionCreateInput, ScheduledInterventionUncheckedCreateInput> & ScheduledInterventionUncheckedCreateInput) | (Without<...> & ScheduledInterventionCreateInput)'.
  Type '{ id: any; requestId: any; professionalId: any; proposedDate: Date; confirmedDate: Date; estimatedDuration: any; description: any; notes: any; status: any; clientConfirmed: any; createdBy: any; }' is not assignable to type 'Without<ScheduledInterventionUncheckedCreateInput, ScheduledInterventionCreateInput> & ScheduledInterventionCreateInput'.
    Type '{ id: any; requestId: any; professionalId: any; proposedDate: Date; confirmedDate: Date; estimatedDuration: any; description: any; notes: any; status: any; clientConfirmed: any; createdBy: any; }' is not assignable to type 'Without<ScheduledInterventionUncheckedCreateInput, ScheduledInterventionCreateInput>'.
      Types of property 'createdBy' are incompatible.
        Type 'any' is not assignable to type 'never'.
src/services/calendar/calendar.service.ts(282,22): error TS2551: Property 'request' does not exist on type '{ status: string; id: string; createdAt: Date; updatedAt: Date; description: string; createdBy: string; professionalId: string; requestId: string; notes: string; proposedDate: Date; ... 4 more ...; clientDeclineReason: string; }'. Did you mean 'requestId'?
src/services/calendar/calendar.service.ts(284,30): error TS2551: Property 'request' does not exist on type '{ status: string; id: string; createdAt: Date; updatedAt: Date; description: string; createdBy: string; professionalId: string; requestId: string; notes: string; proposedDate: Date; ... 4 more ...; clientDeclineReason: string; }'. Did you mean 'requestId'?
src/services/calendar/calendar.service.ts(693,9): error TS2561: Object literal may only specify known properties, but 'scheduledInterventions' does not exist in type 'AssistanceRequestInclude<DefaultArgs>'. Did you mean to write 'ScheduledIntervention'?
src/services/calendar/calendar.service.ts(856,23): error TS7010: 'getProfessionalUnavailabilities', which lacks return-type annotation, implicitly has an 'any[]' return type.
src/services/calendar/calendar.service.ts(885,23): error TS7010: 'createRecurringInterventions', which lacks return-type annotation, implicitly has an 'any[]' return type.
src/services/calendar/calendar.service.ts(939,32): error TS7018: Object literal's property 'email' implicitly has an 'any' type.
src/services/calendar/calendar.service.ts(939,45): error TS7018: Object literal's property 'lastSync' implicitly has an 'any' type.
src/services/chat.service.ts(236,11): error TS2561: Object literal may only specify known properties, but 'user' does not exist in type 'RequestChatMessageInclude<DefaultArgs>'. Did you mean to write 'User'?
src/services/chat.service.ts(252,23): error TS2339: Property 'user' does not exist on type '{ id: string; userId: string; createdAt: Date; updatedAt: Date; deletedAt: Date; requestId: string; isRead: boolean; message: string; attachments: JsonValue; editedAt: Date; messageType: MessageType; isEdited: boolean; isDeleted: boolean; readBy: JsonValue; }'.
src/services/chat.service.ts(316,11): error TS2561: Object literal may only specify known properties, but 'user' does not exist in type 'RequestChatMessageInclude<DefaultArgs>'. Did you mean to write 'User'?
src/services/chat.service.ts(341,21): error TS2339: Property 'user' does not exist on type '{ id: string; userId: string; createdAt: Date; updatedAt: Date; deletedAt: Date; requestId: string; isRead: boolean; message: string; attachments: JsonValue; editedAt: Date; messageType: MessageType; isEdited: boolean; isDeleted: boolean; readBy: JsonValue; }'.
src/services/chat.service.ts(424,11): error TS2561: Object literal may only specify known properties, but 'user' does not exist in type 'RequestChatMessageInclude<DefaultArgs>'. Did you mean to write 'User'?
src/services/chat.service.ts(440,30): error TS2339: Property 'user' does not exist on type '{ id: string; userId: string; createdAt: Date; updatedAt: Date; deletedAt: Date; requestId: string; isRead: boolean; message: string; attachments: JsonValue; editedAt: Date; messageType: MessageType; isEdited: boolean; isDeleted: boolean; readBy: JsonValue; }'.
src/services/cleanup-config-crud.service.ts(142,5): error TS2322: Type '{ name: string; isActive: true; targetDirectory: string; directoryFormat: string; maxDepth: number; bufferSize: number; timeout: number; retentionDays: number; autoCleanup: false; autoCleanupDays: number; createReadme: true; preserveStructure: true; notifyOnCleanup: true; }' is not assignable to type '(Without<CleanupConfigCreateInput, CleanupConfigUncheckedCreateInput> & CleanupConfigUncheckedCreateInput) | (Without<...> & CleanupConfigCreateInput)'.
  Type '{ name: string; isActive: true; targetDirectory: string; directoryFormat: string; maxDepth: number; bufferSize: number; timeout: number; retentionDays: number; autoCleanup: false; autoCleanupDays: number; createReadme: true; preserveStructure: true; notifyOnCleanup: true; }' is not assignable to type 'Without<CleanupConfigUncheckedCreateInput, CleanupConfigCreateInput> & CleanupConfigCreateInput'.
    Type '{ name: string; isActive: true; targetDirectory: string; directoryFormat: string; maxDepth: number; bufferSize: number; timeout: number; retentionDays: number; autoCleanup: false; autoCleanupDays: number; createReadme: true; preserveStructure: true; notifyOnCleanup: true; }' is missing the following properties from type 'CleanupConfigCreateInput': id, updatedAt
src/services/cleanup-config.service.ts(128,9): error TS2322: Type '{ name: string; isActive: true; targetDirectory: string; directoryFormat: string; maxDepth: number; bufferSize: number; timeout: number; retentionDays: number; autoCleanup: false; autoCleanupDays: number; createReadme: true; preserveStructure: true; notifyOnCleanup: true; }' is not assignable to type '(Without<CleanupConfigCreateInput, CleanupConfigUncheckedCreateInput> & CleanupConfigUncheckedCreateInput) | (Without<...> & CleanupConfigCreateInput)'.
  Type '{ name: string; isActive: true; targetDirectory: string; directoryFormat: string; maxDepth: number; bufferSize: number; timeout: number; retentionDays: number; autoCleanup: false; autoCleanupDays: number; createReadme: true; preserveStructure: true; notifyOnCleanup: true; }' is not assignable to type 'Without<CleanupConfigUncheckedCreateInput, CleanupConfigCreateInput> & CleanupConfigCreateInput'.
    Type '{ name: string; isActive: true; targetDirectory: string; directoryFormat: string; maxDepth: number; bufferSize: number; timeout: number; retentionDays: number; autoCleanup: false; autoCleanupDays: number; createReadme: true; preserveStructure: true; notifyOnCleanup: true; }' is missing the following properties from type 'CleanupConfigCreateInput': id, updatedAt
src/services/cleanup-config.service.ts(161,7): error TS2322: Type '{ targetDirectory: string; directoryFormat: string; maxDepth: number; bufferSize: number; timeout: number; retentionDays: number; autoCleanup: boolean; autoCleanupDays: number; createReadme: boolean; ... 4 more ...; name: string; }' is not assignable to type '(Without<CleanupConfigCreateInput, CleanupConfigUncheckedCreateInput> & CleanupConfigUncheckedCreateInput) | (Without<...> & CleanupConfigCreateInput)'.
  Type '{ targetDirectory: string; directoryFormat: string; maxDepth: number; bufferSize: number; timeout: number; retentionDays: number; autoCleanup: boolean; autoCleanupDays: number; createReadme: boolean; ... 4 more ...; name: string; }' is not assignable to type 'Without<CleanupConfigUncheckedCreateInput, CleanupConfigCreateInput> & CleanupConfigCreateInput'.
    Type '{ targetDirectory: string; directoryFormat: string; maxDepth: number; bufferSize: number; timeout: number; retentionDays: number; autoCleanup: boolean; autoCleanupDays: number; createReadme: boolean; ... 4 more ...; name: string; }' is missing the following properties from type 'CleanupConfigCreateInput': id, updatedAt
src/services/cleanup-config.service.ts(431,7): error TS2322: Type '{ isActive: boolean; createdAt: Date; updatedAt: Date; name: string; description?: string; cronExpression: string; }' is not assignable to type '(Without<CleanupScheduleCreateInput, CleanupScheduleUncheckedCreateInput> & CleanupScheduleUncheckedCreateInput) | (Without<...> & CleanupScheduleCreateInput)'.
  Type '{ isActive: boolean; createdAt: Date; updatedAt: Date; name: string; description?: string; cronExpression: string; }' is not assignable to type 'Without<CleanupScheduleUncheckedCreateInput, CleanupScheduleCreateInput> & CleanupScheduleCreateInput'.
    Property 'id' is missing in type '{ isActive: boolean; createdAt: Date; updatedAt: Date; name: string; description?: string; cronExpression: string; }' but required in type 'CleanupScheduleCreateInput'.
src/services/cleanup-config.service.ts(486,7): error TS2322: Type '{ createdAt: Date; executionId: string; operation: string; status: string; targetPath?: string; filesProcessed?: number; totalSize?: bigint; executedBy?: string; startedAt?: Date; completedAt?: Date; errorMessage?: string; }' is not assignable to type '(Without<CleanupLogCreateInput, CleanupLogUncheckedCreateInput> & CleanupLogUncheckedCreateInput) | (Without<...> & CleanupLogCreateInput)'.
  Type '{ createdAt: Date; executionId: string; operation: string; status: string; targetPath?: string; filesProcessed?: number; totalSize?: bigint; executedBy?: string; startedAt?: Date; completedAt?: Date; errorMessage?: string; }' is not assignable to type 'Without<CleanupLogUncheckedCreateInput, CleanupLogCreateInput> & CleanupLogCreateInput'.
    Type '{ createdAt: Date; executionId: string; operation: string; status: string; targetPath?: string; filesProcessed?: number; totalSize?: bigint; executedBy?: string; startedAt?: Date; completedAt?: Date; errorMessage?: string; }' is not assignable to type 'CleanupLogCreateInput'.
      Property 'executedBy' is optional in type '{ createdAt: Date; executionId: string; operation: string; status: string; targetPath?: string; filesProcessed?: number; totalSize?: bigint; executedBy?: string; startedAt?: Date; completedAt?: Date; errorMessage?: string; }' but required in type 'CleanupLogCreateInput'.
src/services/cleanup.service.ts(73,9): error TS2393: Duplicate function implementation.
src/services/cleanup.service.ts(128,39): error TS2339: Property 'pattern' does not exist on type 'string'.
src/services/cleanup.service.ts(276,41): error TS2339: Property 'pattern' does not exist on type 'string'.
src/services/cleanup.service.ts(323,9): error TS2393: Duplicate function implementation.
src/services/cleanup.service.ts(352,9): error TS2322: Type '{ sessionId: string; files: any[]; totalFiles: number; totalSize: bigint; matchedPatterns: Record<string, number>; configUsed: { name: string; id: string; isActive: boolean; createdAt: Date; ... 15 more ...; enablePreview: boolean; }; validUntil: Date; createdBy: string; }' is not assignable to type '(Without<CleanupPreviewCreateInput, CleanupPreviewUncheckedCreateInput> & CleanupPreviewUncheckedCreateInput) | (Without<...> & CleanupPreviewCreateInput)'.
  Type '{ sessionId: string; files: any[]; totalFiles: number; totalSize: bigint; matchedPatterns: Record<string, number>; configUsed: { name: string; id: string; isActive: boolean; createdAt: Date; ... 15 more ...; enablePreview: boolean; }; validUntil: Date; createdBy: string; }' is not assignable to type 'Without<CleanupPreviewUncheckedCreateInput, CleanupPreviewCreateInput> & CleanupPreviewCreateInput'.
    Property 'id' is missing in type '{ sessionId: string; files: any[]; totalFiles: number; totalSize: bigint; matchedPatterns: Record<string, number>; configUsed: { name: string; id: string; isActive: boolean; createdAt: Date; ... 15 more ...; enablePreview: boolean; }; validUntil: Date; createdBy: string; }' but required in type 'CleanupPreviewCreateInput'.
src/services/document-category.service.ts(23,11): error TS2353: Object literal may only specify known properties, and 'parent' does not exist in type 'DocumentCategoryInclude<DefaultArgs>'.
src/services/document-category.service.ts(77,11): error TS2353: Object literal may only specify known properties, and 'parent' does not exist in type 'DocumentCategoryInclude<DefaultArgs>'.
src/services/document-category.service.ts(103,11): error TS2353: Object literal may only specify known properties, and 'parent' does not exist in type 'DocumentCategoryInclude<DefaultArgs>'.
src/services/document-category.service.ts(150,11): error TS2353: Object literal may only specify known properties, and 'parent' does not exist in type 'DocumentCategoryInclude<DefaultArgs>'.
src/services/document-category.service.ts(215,11): error TS2353: Object literal may only specify known properties, and 'parent' does not exist in type 'DocumentCategoryInclude<DefaultArgs>'.
src/services/document-category.service.ts(343,9): error TS2322: Type '{ entityType: string; entityId: string; action: string; oldValues: any; newValues: any; userId: string; }' is not assignable to type '(Without<DocumentConfigAuditCreateInput, DocumentConfigAuditUncheckedCreateInput> & DocumentConfigAuditUncheckedCreateInput) | (Without<...> & DocumentConfigAuditCreateInput)'.
  Type '{ entityType: string; entityId: string; action: string; oldValues: any; newValues: any; userId: string; }' is not assignable to type 'Without<DocumentConfigAuditUncheckedCreateInput, DocumentConfigAuditCreateInput> & DocumentConfigAuditCreateInput'.
    Property 'id' is missing in type '{ entityType: string; entityId: string; action: string; oldValues: any; newValues: any; userId: string; }' but required in type 'DocumentConfigAuditCreateInput'.
src/services/document-config.service.ts(93,9): error TS2322: Type '{ key: string; value: any; category: any; description: any; dataType: any; isEditable: any; isVisible: any; updatedBy: string; }' is not assignable to type '(Without<DocumentSystemConfigCreateInput, DocumentSystemConfigUncheckedCreateInput> & DocumentSystemConfigUncheckedCreateInput) | (Without<...> & DocumentSystemConfigCreateInput)'.
  Type '{ key: string; value: any; category: any; description: any; dataType: any; isEditable: any; isVisible: any; updatedBy: string; }' is not assignable to type 'Without<DocumentSystemConfigUncheckedCreateInput, DocumentSystemConfigCreateInput> & DocumentSystemConfigCreateInput'.
    Type '{ key: string; value: any; category: any; description: any; dataType: any; isEditable: any; isVisible: any; updatedBy: string; }' is missing the following properties from type 'DocumentSystemConfigCreateInput': id, updatedAt
src/services/document-config.service.ts(368,9): error TS2322: Type '{ entityType: string; entityId: string; action: string; oldValues: any; newValues: any; userId: string; timestamp: Date; }' is not assignable to type '(Without<DocumentConfigAuditCreateInput, DocumentConfigAuditUncheckedCreateInput> & DocumentConfigAuditUncheckedCreateInput) | (Without<...> & DocumentConfigAuditCreateInput)'.
  Type '{ entityType: string; entityId: string; action: string; oldValues: any; newValues: any; userId: string; timestamp: Date; }' is not assignable to type 'Without<DocumentConfigAuditUncheckedCreateInput, DocumentConfigAuditCreateInput> & DocumentConfigAuditCreateInput'.
    Property 'id' is missing in type '{ entityType: string; entityId: string; action: string; oldValues: any; newValues: any; userId: string; timestamp: Date; }' but required in type 'DocumentConfigAuditCreateInput'.
src/services/document-type.service.ts(305,9): error TS2322: Type '{ entityType: string; entityId: string; action: string; oldValues: any; newValues: any; userId: string; }' is not assignable to type '(Without<DocumentConfigAuditCreateInput, DocumentConfigAuditUncheckedCreateInput> & DocumentConfigAuditUncheckedCreateInput) | (Without<...> & DocumentConfigAuditCreateInput)'.
  Type '{ entityType: string; entityId: string; action: string; oldValues: any; newValues: any; userId: string; }' is not assignable to type 'Without<DocumentConfigAuditUncheckedCreateInput, DocumentConfigAuditCreateInput> & DocumentConfigAuditCreateInput'.
    Property 'id' is missing in type '{ entityType: string; entityId: string; action: string; oldValues: any; newValues: any; userId: string; }' but required in type 'DocumentConfigAuditCreateInput'.
src/services/dual-kb.service.ts(31,39): error TS2339: Property 'professionalSubcategoryDualConfig' does not exist on type 'PrismaClient<{ log: ("warn" | "error")[]; }, "warn" | "error", DefaultArgs>'.
src/services/dual-kb.service.ts(90,37): error TS2339: Property 'professionalSubcategoryDualConfig' does not exist on type 'PrismaClient<{ log: ("warn" | "error")[]; }, "warn" | "error", DefaultArgs>'.
src/services/dual-kb.service.ts(99,22): error TS2339: Property 'professionalSubcategoryDualConfig' does not exist on type 'PrismaClient<{ log: ("warn" | "error")[]; }, "warn" | "error", DefaultArgs>'.
src/services/dual-kb.service.ts(108,22): error TS2339: Property 'professionalSubcategoryDualConfig' does not exist on type 'PrismaClient<{ log: ("warn" | "error")[]; }, "warn" | "error", DefaultArgs>'.
src/services/dual-kb.service.ts(137,37): error TS2339: Property 'professionalSubcategoryDualConfig' does not exist on type 'PrismaClient<{ log: ("warn" | "error")[]; }, "warn" | "error", DefaultArgs>'.
src/services/dual-kb.service.ts(146,22): error TS2339: Property 'professionalSubcategoryDualConfig' does not exist on type 'PrismaClient<{ log: ("warn" | "error")[]; }, "warn" | "error", DefaultArgs>'.
src/services/dual-kb.service.ts(155,22): error TS2339: Property 'professionalSubcategoryDualConfig' does not exist on type 'PrismaClient<{ log: ("warn" | "error")[]; }, "warn" | "error", DefaultArgs>'.
src/services/dual-kb.service.ts(258,11): error TS2353: Object literal may only specify known properties, and 'basePrice' does not exist in type 'SubcategorySelect<DefaultArgs>'.
src/services/dual-kb.service.ts(342,36): error TS2339: Property 'professionalSubcategoryDualConfig' does not exist on type 'PrismaClient<{ log: ("warn" | "error")[]; }, "warn" | "error", DefaultArgs>'.
src/services/dual-kb.service.ts(354,40): error TS7006: Parameter 'c' implicitly has an 'any' type.
src/services/dual-kb.service.ts(356,37): error TS7006: Parameter 'c' implicitly has an 'any' type.
src/services/dual-kb.service.ts(357,31): error TS7006: Parameter 'c' implicitly has an 'any' type.
src/services/file.service.ts(105,11): error TS2353: Object literal may only specify known properties, and 'recipientId' does not exist in type '(Without<RequestAttachmentCreateInput, RequestAttachmentUncheckedCreateInput> & RequestAttachmentUncheckedCreateInput) | (Without<...> & RequestAttachmentCreateInput)'.
src/services/file.service.ts(137,11): error TS2561: Object literal may only specify known properties, but 'user' does not exist in type 'RequestAttachmentInclude<DefaultArgs>'. Did you mean to write 'User'?
src/services/file.service.ts(165,11): error TS2561: Object literal may only specify known properties, but 'user' does not exist in type 'RequestAttachmentInclude<DefaultArgs>'. Did you mean to write 'User'?
src/services/file.service.ts(193,11): error TS2353: Object literal may only specify known properties, and 'request' does not exist in type 'RequestAttachmentInclude<DefaultArgs>'.
src/services/file.service.ts(208,31): error TS2304: Cannot find name 'userId'.
src/services/file.service.ts(209,20): error TS2551: Property 'request' does not exist on type '{ id: string; userId: string; createdAt: Date; description: string; fileSize: number; filePath: string; metadata: JsonValue; requestId: string; isPublic: boolean; fileName: string; originalName: string; fileType: string; }'. Did you mean 'requestId'?
src/services/file.service.ts(209,41): error TS2304: Cannot find name 'userId'.
src/services/file.service.ts(210,20): error TS2551: Property 'request' does not exist on type '{ id: string; userId: string; createdAt: Date; description: string; fileSize: number; filePath: string; metadata: JsonValue; requestId: string; isPublic: boolean; fileName: string; originalName: string; fileType: string; }'. Did you mean 'requestId'?
src/services/file.service.ts(210,47): error TS2304: Cannot find name 'userId'.
src/services/footer.service.ts(29,37): error TS2339: Property 'footerSection' does not exist on type 'PrismaClient<PrismaClientOptions, LogLevel, DefaultArgs>'.
src/services/footer.service.ts(34,34): error TS2339: Property 'footerLink' does not exist on type 'PrismaClient<PrismaClientOptions, LogLevel, DefaultArgs>'.
src/services/footer.service.ts(43,36): error TS7006: Parameter 'section' implicitly has an 'any' type.
src/services/footer.service.ts(45,29): error TS7006: Parameter 'link' implicitly has an 'any' type.
src/services/footer.service.ts(60,34): error TS2339: Property 'footerLink' does not exist on type 'PrismaClient<PrismaClientOptions, LogLevel, DefaultArgs>'.
src/services/footer.service.ts(79,33): error TS2339: Property 'footerLink' does not exist on type 'PrismaClient<PrismaClientOptions, LogLevel, DefaultArgs>'.
src/services/footer.service.ts(104,33): error TS2339: Property 'footerLink' does not exist on type 'PrismaClient<PrismaClientOptions, LogLevel, DefaultArgs>'.
src/services/footer.service.ts(125,20): error TS2339: Property 'footerLink' does not exist on type 'PrismaClient<PrismaClientOptions, LogLevel, DefaultArgs>'.
src/services/footer.service.ts(141,36): error TS2339: Property 'footerSection' does not exist on type 'PrismaClient<PrismaClientOptions, LogLevel, DefaultArgs>'.
src/services/footer.service.ts(210,42): error TS2339: Property 'footerLink' does not exist on type 'PrismaClient<PrismaClientOptions, LogLevel, DefaultArgs>'.
src/services/geocoding.service.ts(171,11): error TS2322: Type '"metric"' is not assignable to type 'UnitSystem'.
src/services/geocoding.service.ts(284,11): error TS2353: Object literal may only specify known properties, and 'optimizeWaypoints' does not exist in type '{ origin: LatLng; destination: LatLng; mode?: TravelMode; waypoints?: LatLng[]; alternatives?: boolean; avoid?: TravelRestriction[]; ... 8 more ...; optimize?: boolean; } & RequestParams'.
src/services/health-check-automation/auto-remediation.ts(346,7): error TS2322: Type '"AUTO_REMEDIATION_START"' is not assignable to type 'AuditAction'.
src/services/health-check-automation/auto-remediation.ts(414,7): error TS2322: Type '"AUTO_REMEDIATION_SUCCESS" | "AUTO_REMEDIATION_FAILED"' is not assignable to type 'AuditAction'.
  Type '"AUTO_REMEDIATION_SUCCESS"' is not assignable to type 'AuditAction'.
src/services/health-check-automation/auto-remediation.ts(437,9): error TS2322: Type '"AUTO_REMEDIATION_SIGNIFICANT_IMPROVEMENT"' is not assignable to type 'AuditAction'.
src/services/health-check-automation/auto-remediation.ts(571,24): error TS2339: Property 'session' does not exist on type 'PrismaClient<PrismaClientOptions, LogLevel, DefaultArgs>'.
src/services/health-check-automation/auto-remediation.ts(627,11): error TS2353: Object literal may only specify known properties, and 'isActive' does not exist in type 'UserWhereInput'.
src/services/health-check-automation/orchestrator.ts(69,9): error TS2322: Type '"HEALTH_CHECK_MANUAL_START"' is not assignable to type 'AuditAction'.
src/services/health-check-automation/orchestrator.ts(90,18): error TS2339: Property 'status' does not exist on type 'SystemHealthSummary'.
src/services/health-check-automation/orchestrator.ts(90,50): error TS2339: Property 'status' does not exist on type 'SystemHealthSummary'.
src/services/health-check-automation/orchestrator.ts(91,57): error TS2339: Property 'executeForModule' does not exist on type 'AutoRemediationSystem'.
src/services/health-check-automation/orchestrator.ts(106,9): error TS2322: Type '"HEALTH_CHECK_MANUAL_COMPLETE"' is not assignable to type 'AuditAction'.
src/services/health-check-automation/orchestrator.ts(111,48): error TS2339: Property 'score' does not exist on type 'SystemHealthSummary'.
src/services/health-check-automation/orchestrator.ts(112,44): error TS2339: Property 'status' does not exist on type 'SystemHealthSummary'.
src/services/health-check-automation/orchestrator.ts(145,7): error TS2322: Type '"HEALTH_CHECK_SYSTEM_START"' is not assignable to type 'AuditAction'.
src/services/health-check-automation/orchestrator.ts(204,7): error TS2322: Type '"HEALTH_CHECK_SYSTEM_STOP"' is not assignable to type 'AuditAction'.
src/services/health-check-automation/performance-monitor.ts(134,22): error TS7053: Element implicitly has an 'any' type because expression of type 'string' can't be used to index type '{ user: number; nice: number; sys: number; idle: number; irq: number; }'.
  No index signature with a parameter of type 'string' was found on type '{ user: number; nice: number; sys: number; idle: number; irq: number; }'.
src/services/health-check-automation/performance-monitor.ts(191,28): error TS7053: Element implicitly has an 'any' type because expression of type '0' can't be used to index type '{}'.
  Property '0' does not exist on type '{}'.
src/services/health-check-automation/report-generator.ts(375,11): error TS2353: Object literal may only specify known properties, and 'isActive' does not exist in type 'UserWhereInput'.
src/services/health-check-automation/report-generator.ts(440,7): error TS2322: Type '"HEALTH_REPORT_GENERATION_START"' is not assignable to type 'AuditAction'.
src/services/health-check-automation/report-generator.ts(470,9): error TS2322: Type '"HEALTH_REPORT_GENERATION_SUCCESS"' is not assignable to type 'AuditAction'.
src/services/health-check-automation/report-generator.ts(499,9): error TS2322: Type '"HEALTH_REPORT_GENERATION_FAILED"' is not assignable to type 'AuditAction'.
src/services/health-check-automation/scheduler.ts(204,29): error TS2345: Argument of type 'SystemHealthSummary' is not assignable to parameter of type 'HealthCheckResult'.
  Type 'SystemHealthSummary' is missing the following properties from type 'HealthCheckResult': module, timestamp, status, score, and 4 more.
src/services/health-check-automation/scheduler.ts(207,30): error TS2345: Argument of type 'SystemHealthSummary' is not assignable to parameter of type 'HealthCheckResult'.
  Type 'SystemHealthSummary' is missing the following properties from type 'HealthCheckResult': module, timestamp, status, score, and 4 more.
src/services/health-check-automation/scheduler.ts(209,70): error TS2339: Property 'score' does not exist on type 'SystemHealthSummary'.
src/services/health-check-automation/scheduler.ts(210,7): error TS2740: Type 'SystemHealthSummary' is missing the following properties from type 'HealthCheckResult': module, timestamp, status, score, and 4 more.
src/services/healthCheck.service.ts(759,11): error TS7034: Variable 'recommendations' implicitly has type 'any[]' in some locations where its type cannot be determined.
src/services/healthCheck.service.ts(900,7): error TS7005: Variable 'recommendations' implicitly has an 'any[]' type.
src/services/healthCheck.service.ts(1530,22): error TS2345: Argument of type 'SystemHealthSummary' is not assignable to parameter of type 'HealthCheckResult'.
  Type 'SystemHealthSummary' is missing the following properties from type 'HealthCheckResult': module, displayName, timestamp, status, and 7 more.
src/services/healthCheck.service.ts(1635,5): error TS2740: Type 'SystemHealthSummary' is missing the following properties from type 'HealthCheckResult': module, displayName, timestamp, status, and 7 more.
src/services/healthCheck.service.ts(1692,25): error TS2339: Property 'data' does not exist on type '{ module: string; checks: JsonValue; metrics: JsonValue; warnings: string[]; errors: string[]; timestamp: Date; status: string; score: number; executionTime: number; id: string; createdAt: Date; updatedAt: Date; }'.
src/services/healthCheck.service.ts(1818,11): error TS2353: Object literal may only specify known properties, and 'isActive' does not exist in type 'UserWhereInput'.
src/services/healthCheck.service.ts(1849,15): error TS2353: Object literal may only specify known properties, and 'userId' does not exist in type '(Without<NotificationCreateInput, NotificationUncheckedCreateInput> & NotificationUncheckedCreateInput) | (Without<...> & NotificationCreateInput)'.
src/services/healthCheck.service.ts(1883,37): error TS2339: Property 'sendBulkNotifications' does not exist on type 'NotificationService'.
src/services/healthCheck.service.ts(1909,9): error TS2322: Type '"HEALTH_CHECK_CRITICAL"' is not assignable to type 'AuditAction'.
src/services/healthCheckExtensions.service.ts(26,9): error TS7034: Variable 'recommendations' implicitly has type 'any[]' in some locations where its type cannot be determined.
src/services/healthCheckExtensions.service.ts(125,5): error TS7005: Variable 'recommendations' implicitly has an 'any[]' type.
src/services/healthCheckSeparateModules.service.ts(281,9): error TS7034: Variable 'warnings' implicitly has type 'any[]' in some locations where its type cannot be determined.
src/services/healthCheckSeparateModules.service.ts(283,9): error TS7034: Variable 'recommendations' implicitly has type 'any[]' in some locations where its type cannot be determined.
src/services/healthCheckSeparateModules.service.ts(333,5): error TS7005: Variable 'warnings' implicitly has an 'any[]' type.
src/services/healthCheckSeparateModules.service.ts(335,5): error TS7005: Variable 'recommendations' implicitly has an 'any[]' type.
src/services/healthCheckSeparateModules.service.ts(348,9): error TS7034: Variable 'warnings' implicitly has type 'any[]' in some locations where its type cannot be determined.
src/services/healthCheckSeparateModules.service.ts(376,9): error TS7005: Variable 'warnings' implicitly has an 'any[]' type.
src/services/healthCheckSeparateModules.service.ts(639,9): error TS7034: Variable 'warnings' implicitly has type 'any[]' in some locations where its type cannot be determined.
src/services/healthCheckSeparateModules.service.ts(667,9): error TS7005: Variable 'warnings' implicitly has an 'any[]' type.
src/services/healthCheckSeparateModules.service.ts(728,36): error TS2339: Property 'aIUsageLog' does not exist on type 'PrismaClient<PrismaClientOptions, LogLevel, DefaultArgs>'.
src/services/healthCheckSeparateModules.service.ts(734,43): error TS7006: Parameter 'sum' implicitly has an 'any' type.
src/services/healthCheckSeparateModules.service.ts(734,48): error TS7006: Parameter 'log' implicitly has an 'any' type.
src/services/healthCheckSeparateModules.service.ts(735,41): error TS7006: Parameter 'sum' implicitly has an 'any' type.
src/services/healthCheckSeparateModules.service.ts(735,46): error TS7006: Parameter 'log' implicitly has an 'any' type.
src/services/healthCheckSeparateModules.service.ts(789,39): error TS2339: Property 'aIUsageLog' does not exist on type 'PrismaClient<PrismaClientOptions, LogLevel, DefaultArgs>'.
src/services/healthCheckSeparateModules.service.ts(799,52): error TS7006: Parameter 'sum' implicitly has an 'any' type.
src/services/healthCheckSeparateModules.service.ts(799,57): error TS7006: Parameter 'log' implicitly has an 'any' type.
src/services/interventionMaterial.service.ts(116,43): error TS2551: Property 'category' does not exist on type '{ id: string; code: string; name: string; description: string; Category: string; unit: string; defaultPrice: number; vatRate: number; barcode: string; manufacturer: string; manufacturerCode: string; ... 6 more ...; createdAt: Date; }'. Did you mean 'Category'?
src/services/interventionProfessional.service.ts(30,11): error TS7018: Object literal's property 'customLayout' implicitly has an 'any' type.
src/services/interventionProfessional.service.ts(131,39): error TS2551: Property 'category' does not exist on type '{ id: string; professionalId: string; Category: string; code: string; title: string; content: string; tags: string[]; usageCount: number; lastUsedAt: Date; isActive: boolean; isFavorite: boolean; createdAt: Date; }'. Did you mean 'Category'?
src/services/interventionProfessional.service.ts(292,39): error TS2551: Property 'category' does not exist on type '{ id: string; professionalId: string; code: string; name: string; description: string; Category: string; unit: string; price: number; isActive: boolean; usageCount: number; lastUsedAt: Date; createdAt: Date; }'. Did you mean 'Category'?
src/services/interventionProfessional.service.ts(398,9): error TS7018: Object literal's property 'defaultTemplateId' implicitly has an 'any' type.
src/services/interventionProfessional.service.ts(415,9): error TS7018: Object literal's property 'signatureImage' implicitly has an 'any' type.
src/services/interventionReport.service.ts(73,9): error TS7018: Object literal's property 'autoArchiveAfterDays' implicitly has an 'any' type.
src/services/interventionReportOperations.service.ts(70,11): error TS7018: Object literal's property 'photos' implicitly has an 'any' type.
src/services/interventionReportOperations.service.ts(82,11): error TS7018: Object literal's property 'clientSignedAt' implicitly has an 'any' type.
src/services/interventionReportOperations.service.ts(128,56): error TS2339: Property 'getReportById' does not exist on type 'InterventionReportService'.
src/services/interventionTemplate.service.ts(147,20): error TS2304: Cannot find name 'userId'.
src/services/interventionTemplate.service.ts(212,20): error TS2304: Cannot find name 'userId'.
src/services/interventionTemplate.service.ts(328,11): error TS7018: Object literal's property 'tooltip' implicitly has an 'any' type.
src/services/interventionTemplate.service.ts(341,11): error TS7018: Object literal's property 'defaultValue' implicitly has an 'any' type.
src/services/interventionTemplate.service.ts(342,11): error TS7018: Object literal's property 'possibleValues' implicitly has an 'any' type.
src/services/interventionTemplate.service.ts(350,11): error TS7018: Object literal's property 'dependencies' implicitly has an 'any' type.
src/services/interventionTemplate.service.ts(351,11): error TS7018: Object literal's property 'calculations' implicitly has an 'any' type.
src/services/interventionTemplate.service.ts(352,11): error TS7018: Object literal's property 'showIf' implicitly has an 'any' type.
src/services/interventionTemplate.service.ts(353,11): error TS7018: Object literal's property 'requiredIf' implicitly has an 'any' type.
src/services/invoice.service.ts(359,9): error TS2322: Type '{ invoiceNumber: string; documentType: $Enums.DocumentType; dueDate: Date; customerId: string; customerData: Prisma.InputJsonValue; items: Prisma.InputJsonValue; subtotal: number; ... 7 more ...; status: "DRAFT"; }' is not assignable to type '(Without<InvoiceCreateInput, InvoiceUncheckedCreateInput> & InvoiceUncheckedCreateInput) | (Without<...> & InvoiceCreateInput)'.
  Type '{ invoiceNumber: string; documentType: $Enums.DocumentType; dueDate: Date; customerId: string; customerData: Prisma.InputJsonValue; items: Prisma.InputJsonValue; subtotal: number; ... 7 more ...; status: "DRAFT"; }' is not assignable to type 'Without<InvoiceUncheckedCreateInput, InvoiceCreateInput> & InvoiceCreateInput'.
    Type '{ invoiceNumber: string; documentType: $Enums.DocumentType; dueDate: Date; customerId: string; customerData: Prisma.InputJsonValue; items: Prisma.InputJsonValue; subtotal: number; ... 7 more ...; status: "DRAFT"; }' is not assignable to type 'Without<InvoiceUncheckedCreateInput, InvoiceCreateInput>'.
      Types of property 'professionalId' are incompatible.
        Type 'string' is not assignable to type 'never'.
src/services/invoice.service.ts(412,23): error TS2352: Conversion of type '{ type: PaymentType; status: PaymentStatus; id: string; createdAt: Date; updatedAt: Date; description: string; failedAt: Date; metadata: JsonValue; ... 18 more ...; stripeCustomerId: string; }' to type 'PaymentWithRelations' may be a mistake because neither type sufficiently overlaps with the other. If this was intentional, convert the expression to 'unknown' first.
  Property 'client' is missing in type '{ type: PaymentType; status: PaymentStatus; id: string; createdAt: Date; updatedAt: Date; description: string; failedAt: Date; metadata: JsonValue; ... 18 more ...; stripeCustomerId: string; }' but required in type 'PaymentWithRelations'.
src/services/invoice.service.ts(415,11): error TS2353: Object literal may only specify known properties, and 'client' does not exist in type 'PaymentInclude<DefaultArgs>'.
src/services/invoice.service.ts(488,11): error TS2353: Object literal may only specify known properties, and 'professional' does not exist in type 'InvoiceInclude<DefaultArgs>'.
src/services/invoice.service.ts(573,11): error TS2353: Object literal may only specify known properties, and 'professional' does not exist in type 'InvoiceInclude<DefaultArgs>'.
src/services/invoice.service.ts(684,11): error TS2353: Object literal may only specify known properties, and 'professional' does not exist in type 'InvoiceInclude<DefaultArgs>'.
src/services/invoice.service.ts(990,11): error TS2353: Object literal may only specify known properties, and 'professional' does not exist in type 'InvoiceInclude<DefaultArgs>'.
src/services/invoice.service.ts(1067,11): error TS2353: Object literal may only specify known properties, and 'professional' does not exist in type 'InvoiceInclude<DefaultArgs>'.
src/services/invoice.service.ts(1411,9): error TS2322: Type '{ creditNoteNumber: string; originalInvoiceId: string; customerId: string; customerName: string; customerAddress: string; customerCity: string; customerZipCode: string; customerProvince: string; ... 9 more ...; status: string; }' is not assignable to type '(Without<CreditNoteCreateInput, CreditNoteUncheckedCreateInput> & CreditNoteUncheckedCreateInput) | (Without<...> & CreditNoteCreateInput)'.
  Type '{ creditNoteNumber: string; originalInvoiceId: string; customerId: string; customerName: string; customerAddress: string; customerCity: string; customerZipCode: string; customerProvince: string; ... 9 more ...; status: string; }' is not assignable to type 'Without<CreditNoteUncheckedCreateInput, CreditNoteCreateInput> & CreditNoteCreateInput'.
    Type '{ creditNoteNumber: string; originalInvoiceId: string; customerId: string; customerName: string; customerAddress: string; customerCity: string; customerZipCode: string; customerProvince: string; ... 9 more ...; status: string; }' is missing the following properties from type 'CreditNoteCreateInput': id, updatedAt
src/services/knowledge-base-config.service.ts(42,9): error TS2322: Type '{ id: string; isActive: boolean; createdAt: Date; updatedAt: Date; professionalId: string; subcategoryId: string; targetAudience: string; maxPerDocument: number; maxTotalCharacters: number; ... 13 more ...; cacheTTL: number; } | { ...; }' is not assignable to type '{ id: string; isActive: boolean; createdAt: Date; updatedAt: Date; professionalId: string; subcategoryId: string; targetAudience: string; maxPerDocument: number; maxTotalCharacters: number; ... 13 more ...; cacheTTL: number; }'.
  Type '{ professionalId: string; subcategoryId: string; targetAudience: "client" | "professional"; maxPerDocument: number; maxTotalCharacters: number; searchKeywordMinLength: number; contextBeforeKeyword: number; ... 12 more ...; isActive: boolean; }' is missing the following properties from type '{ id: string; isActive: boolean; createdAt: Date; updatedAt: Date; professionalId: string; subcategoryId: string; targetAudience: string; maxPerDocument: number; maxTotalCharacters: number; ... 13 more ...; cacheTTL: number; }': id, createdAt, updatedAt
src/services/knowledge-base-config.service.ts(75,9): error TS2322: Type '{ maxPerDocument: number; maxTotalCharacters: number; searchKeywordMinLength: number; contextBeforeKeyword: number; contextAfterKeyword: number; defaultChunkSize: number; chunkOverlap: number; ... 12 more ...; targetAudience: "client" | "professional"; }' is not assignable to type '(Without<KnowledgeBaseConfigCreateInput, KnowledgeBaseConfigUncheckedCreateInput> & KnowledgeBaseConfigUncheckedCreateInput) | (Without<...> & KnowledgeBaseConfigCreateInput)'.
  Type '{ maxPerDocument: number; maxTotalCharacters: number; searchKeywordMinLength: number; contextBeforeKeyword: number; contextAfterKeyword: number; defaultChunkSize: number; chunkOverlap: number; ... 12 more ...; targetAudience: "client" | "professional"; }' is not assignable to type 'Without<KnowledgeBaseConfigUncheckedCreateInput, KnowledgeBaseConfigCreateInput> & KnowledgeBaseConfigCreateInput'.
    Type '{ maxPerDocument: number; maxTotalCharacters: number; searchKeywordMinLength: number; contextBeforeKeyword: number; contextAfterKeyword: number; defaultChunkSize: number; chunkOverlap: number; ... 12 more ...; targetAudience: "client" | "professional"; }' is not assignable to type 'Without<KnowledgeBaseConfigUncheckedCreateInput, KnowledgeBaseConfigCreateInput>'.
      Types of property 'professionalId' are incompatible.
        Type 'string' is not assignable to type 'never'.
src/services/knowledge-base-config.service.ts(157,9): error TS2322: Type '{ maxPerDocument: number; maxTotalCharacters: number; searchKeywordMinLength: number; contextBeforeKeyword: number; contextAfterKeyword: number; defaultChunkSize: number; chunkOverlap: number; ... 12 more ...; targetAudience: "client" | "professional"; }' is not assignable to type '(Without<KnowledgeBaseConfigCreateInput, KnowledgeBaseConfigUncheckedCreateInput> & KnowledgeBaseConfigUncheckedCreateInput) | (Without<...> & KnowledgeBaseConfigCreateInput)'.
  Type '{ maxPerDocument: number; maxTotalCharacters: number; searchKeywordMinLength: number; contextBeforeKeyword: number; contextAfterKeyword: number; defaultChunkSize: number; chunkOverlap: number; ... 12 more ...; targetAudience: "client" | "professional"; }' is not assignable to type 'Without<KnowledgeBaseConfigUncheckedCreateInput, KnowledgeBaseConfigCreateInput> & KnowledgeBaseConfigCreateInput'.
    Type '{ maxPerDocument: number; maxTotalCharacters: number; searchKeywordMinLength: number; contextBeforeKeyword: number; contextAfterKeyword: number; defaultChunkSize: number; chunkOverlap: number; ... 12 more ...; targetAudience: "client" | "professional"; }' is not assignable to type 'Without<KnowledgeBaseConfigUncheckedCreateInput, KnowledgeBaseConfigCreateInput>'.
      Types of property 'professionalId' are incompatible.
        Type 'string' is not assignable to type 'never'.
src/services/legal-document.service.ts(33,9): error TS2393: Duplicate function implementation.
src/services/legal-document.service.ts(155,9): error TS2322: Type '{ isActive: false; type: LegalDocumentType; internalName: string; displayName: string; description?: string; createdBy: string; }' is not assignable to type '(Without<LegalDocumentCreateInput, LegalDocumentUncheckedCreateInput> & LegalDocumentUncheckedCreateInput) | (Without<...> & LegalDocumentCreateInput)'.
  Type '{ isActive: false; type: LegalDocumentType; internalName: string; displayName: string; description?: string; createdBy: string; }' is not assignable to type 'Without<LegalDocumentUncheckedCreateInput, LegalDocumentCreateInput> & LegalDocumentCreateInput'.
    Type '{ isActive: false; type: LegalDocumentType; internalName: string; displayName: string; description?: string; createdBy: string; }' is not assignable to type 'Without<LegalDocumentUncheckedCreateInput, LegalDocumentCreateInput>'.
      Types of property 'createdBy' are incompatible.
        Type 'string' is not assignable to type 'never'.
src/services/legal-document.service.ts(172,9): error TS2322: Type '"LEGAL_DOCUMENT_CREATED"' is not assignable to type 'AuditAction'.
src/services/legal-document.service.ts(179,9): error TS2322: Type '"LEGAL"' is not assignable to type 'LogCategory'.
src/services/legal-document.service.ts(232,9): error TS2322: Type '{ status: "DRAFT"; contentChecksum: string; version: string; title: string; content: string; contentPlain?: string; summary?: string; effectiveDate: Date; expiryDate?: Date; language?: string; createdBy: string; versionNotes?: string; documentId: string; }' is not assignable to type '(Without<LegalDocumentVersionCreateInput, LegalDocumentVersionUncheckedCreateInput> & LegalDocumentVersionUncheckedCreateInput) | (Without<...> & LegalDocumentVersionCreateInput)'.
  Type '{ status: "DRAFT"; contentChecksum: string; version: string; title: string; content: string; contentPlain?: string; summary?: string; effectiveDate: Date; expiryDate?: Date; language?: string; createdBy: string; versionNotes?: string; documentId: string; }' is not assignable to type 'Without<LegalDocumentVersionUncheckedCreateInput, LegalDocumentVersionCreateInput> & LegalDocumentVersionCreateInput'.
    Type '{ status: "DRAFT"; contentChecksum: string; version: string; title: string; content: string; contentPlain?: string; summary?: string; effectiveDate: Date; expiryDate?: Date; language?: string; createdBy: string; versionNotes?: string; documentId: string; }' is not assignable to type 'Without<LegalDocumentVersionUncheckedCreateInput, LegalDocumentVersionCreateInput>'.
      Types of property 'createdBy' are incompatible.
        Type 'string' is not assignable to type 'never'.
src/services/legal-document.service.ts(240,11): error TS2353: Object literal may only specify known properties, and 'creator' does not exist in type 'LegalDocumentVersionInclude<DefaultArgs>'.
src/services/legal-document.service.ts(252,9): error TS2322: Type '"LEGAL_VERSION_CREATED"' is not assignable to type 'AuditAction'.
src/services/legal-document.service.ts(263,9): error TS2322: Type '"LEGAL"' is not assignable to type 'LogCategory'.
src/services/legal-document.service.ts(332,9): error TS2322: Type '"LEGAL_VERSION_PUBLISHED"' is not assignable to type 'AuditAction'.
src/services/legal-document.service.ts(340,9): error TS2322: Type '"LEGAL"' is not assignable to type 'LogCategory'.
src/services/legal-document.service.ts(398,9): error TS2322: Type '{ ipCountry: string; userId: string; documentId: string; versionId: string; ipAddress: string; userAgent?: string; method: AcceptanceMethod; source?: string; metadata?: any; }' is not assignable to type '(Without<UserLegalAcceptanceCreateInput, UserLegalAcceptanceUncheckedCreateInput> & UserLegalAcceptanceUncheckedCreateInput) | (Without<...> & UserLegalAcceptanceCreateInput)'.
  Type '{ ipCountry: string; userId: string; documentId: string; versionId: string; ipAddress: string; userAgent?: string; method: AcceptanceMethod; source?: string; metadata?: any; }' is not assignable to type 'Without<UserLegalAcceptanceUncheckedCreateInput, UserLegalAcceptanceCreateInput> & UserLegalAcceptanceCreateInput'.
    Type '{ ipCountry: string; userId: string; documentId: string; versionId: string; ipAddress: string; userAgent?: string; method: AcceptanceMethod; source?: string; metadata?: any; }' is not assignable to type 'Without<UserLegalAcceptanceUncheckedCreateInput, UserLegalAcceptanceCreateInput>'.
      Types of property 'userId' are incompatible.
        Type 'string' is not assignable to type 'never'.
src/services/legal-document.service.ts(406,9): error TS2322: Type '"LEGAL_DOCUMENT_ACCEPTED"' is not assignable to type 'AuditAction'.
src/services/legal-document.service.ts(417,9): error TS2322: Type '"LEGAL"' is not assignable to type 'LogCategory'.
src/services/legal-document.service.ts(452,9): error TS2393: Duplicate function implementation.
src/services/legal-document.service.ts(587,35): error TS2304: Cannot find name 'NotificationPriority'.
src/services/legal-document.service.ts(690,9): error TS2322: Type '"LEGAL_DATA_EXPORTED"' is not assignable to type 'AuditAction'.
src/services/legal-document.service.ts(696,9): error TS2322: Type '"LEGAL"' is not assignable to type 'LogCategory'.
src/services/location.service.ts(19,10): error TS2724: '"./googleMaps.service"' has no exported member named 'googleMapsService'. Did you mean 'GoogleMapsService'?
src/services/location.service.ts(118,15): error TS2561: Object literal may only specify known properties, but 'notificationPreference' does not exist in type 'UserSelect<DefaultArgs>'. Did you mean to write 'NotificationPreference'?
src/services/location.service.ts(435,16): error TS2339: Property 'status' does not exist on type 'unknown'.
src/services/location.service.ts(436,57): error TS2339: Property 'status' does not exist on type 'unknown'.
src/services/location.service.ts(439,28): error TS2339: Property 'rows' does not exist on type 'unknown'.
src/services/module.service.ts(180,15): error TS2353: Object literal may only specify known properties, and 'settings' does not exist in type 'SystemModuleCountOutputTypeSelect<DefaultArgs>'.
src/services/module.service.ts(222,23): error TS2353: Object literal may only specify known properties, and 'settings' does not exist in type 'SystemModuleCountOutputTypeSelect<DefaultArgs>'.
src/services/module.service.ts(354,15): error TS2353: Object literal may only specify known properties, and 'requiredFor' does not exist in type 'SystemModuleWhereInput'.
src/services/module.service.ts(362,11): error TS2353: Object literal may only specify known properties, and 'requiredFor' does not exist in type 'SystemModuleSelect<DefaultArgs>'.
src/services/module.service.ts(402,11): error TS2353: Object literal may only specify known properties, and 'requiredFor' does not exist in type 'SystemModuleSelect<DefaultArgs>'.
src/services/module.service.ts(432,36): error TS2339: Property 'requiredFor' does not exist on type '{ name: string; id: string; isActive: boolean; createdAt: Date; updatedAt: Date; description: string; category: ModuleCategory; version: string; code: string; author: string; ... 6 more ...; dependsOn: string[]; }'.
src/services/module.service.ts(657,11): error TS2353: Object literal may only specify known properties, and 'enabledAt' does not exist in type '(Without<SystemModuleUpdateInput, SystemModuleUncheckedUpdateInput> & SystemModuleUncheckedUpdateInput) | (Without<...> & SystemModuleUpdateInput)'.
src/services/module.service.ts(668,11): error TS2353: Object literal may only specify known properties, and 'moduleCode' does not exist in type '(Without<ModuleHistoryCreateInput, ModuleHistoryUncheckedCreateInput> & ModuleHistoryUncheckedCreateInput) | (Without<...> & ModuleHistoryCreateInput)'.
src/services/module.service.ts(758,11): error TS2353: Object literal may only specify known properties, and 'disabledAt' does not exist in type '(Without<SystemModuleUpdateInput, SystemModuleUncheckedUpdateInput> & SystemModuleUncheckedUpdateInput) | (Without<...> & SystemModuleUpdateInput)'.
src/services/module.service.ts(769,11): error TS2353: Object literal may only specify known properties, and 'moduleCode' does not exist in type '(Without<ModuleHistoryCreateInput, ModuleHistoryUncheckedCreateInput> & ModuleHistoryUncheckedCreateInput) | (Without<...> & ModuleHistoryCreateInput)'.
src/services/module.service.ts(847,11): error TS2353: Object literal may only specify known properties, and 'moduleCode' does not exist in type '(Without<ModuleHistoryCreateInput, ModuleHistoryUncheckedCreateInput> & ModuleHistoryUncheckedCreateInput) | (Without<...> & ModuleHistoryCreateInput)'.
src/services/module.service.ts(885,13): error TS2353: Object literal may only specify known properties, and 'category' does not exist in type 'ModuleSettingOrderByWithRelationInput'.
src/services/module.service.ts(954,11): error TS2353: Object literal may only specify known properties, and 'moduleCode' does not exist in type '(Without<ModuleHistoryCreateInput, ModuleHistoryUncheckedCreateInput> & ModuleHistoryUncheckedCreateInput) | (Without<...> & ModuleHistoryCreateInput)'.
src/services/module.service.ts(992,18): error TS2353: Object literal may only specify known properties, and 'moduleCode' does not exist in type 'ModuleHistoryWhereInput'.
src/services/module.service.ts(996,11): error TS2561: Object literal may only specify known properties, but 'user' does not exist in type 'ModuleHistoryInclude<DefaultArgs>'. Did you mean to write 'User'?
src/services/notificationTemplate.service.ts(225,9): error TS2322: Type '{ createdBy: string; updatedBy: string; code: string; name: string; description?: string; category: string; subject?: string; htmlContent: string; textContent?: string; smsContent?: string; ... 5 more ...; id: string; }' is not assignable to type '(Without<NotificationTemplateCreateInput, NotificationTemplateUncheckedCreateInput> & NotificationTemplateUncheckedCreateInput) | (Without<...> & NotificationTemplateCreateInput)'.
  Type '{ createdBy: string; updatedBy: string; code: string; name: string; description?: string; category: string; subject?: string; htmlContent: string; textContent?: string; smsContent?: string; ... 5 more ...; id: string; }' is not assignable to type 'Without<NotificationTemplateUncheckedCreateInput, NotificationTemplateCreateInput> & NotificationTemplateCreateInput'.
    Property 'updatedAt' is missing in type '{ createdBy: string; updatedBy: string; code: string; name: string; description?: string; category: string; subject?: string; htmlContent: string; textContent?: string; smsContent?: string; ... 5 more ...; id: string; }' but required in type 'NotificationTemplateCreateInput'.
src/services/notificationTemplate.service.ts(269,9): error TS2322: Type '{ updatedBy: string; version: { increment: number; }; code?: string; name?: string; description?: string; category?: string; subject?: string; htmlContent?: string; textContent?: string; smsContent?: string; ... 4 more ...; isActive?: boolean; }' is not assignable to type '(Without<NotificationTemplateUpdateInput, NotificationTemplateUncheckedUpdateInput> & NotificationTemplateUncheckedUpdateInput) | (Without<...> & NotificationTemplateUpdateInput)'.
  Type '{ updatedBy: string; version: { increment: number; }; code?: string; name?: string; description?: string; category?: string; subject?: string; htmlContent?: string; textContent?: string; smsContent?: string; ... 4 more ...; isActive?: boolean; }' is not assignable to type 'Without<NotificationTemplateUncheckedUpdateInput, NotificationTemplateUpdateInput> & NotificationTemplateUpdateInput'.
    Type '{ updatedBy: string; version: { increment: number; }; code?: string; name?: string; description?: string; category?: string; subject?: string; htmlContent?: string; textContent?: string; smsContent?: string; ... 4 more ...; isActive?: boolean; }' is not assignable to type 'NotificationTemplateUpdateInput'.
      Types of property 'variables' are incompatible.
        Type 'TemplateVariable[]' is not assignable to type 'JsonNull | InputJsonValue'.
          Type 'TemplateVariable[]' is not assignable to type 'InputJsonObject'.
            Index signature for type 'string' is missing in type 'TemplateVariable[]'.
src/services/notificationTemplate.service.ts(387,9): error TS2322: Type '{ code: string; name: string; description?: string; eventType: string; entityType?: string; conditions?: EventConditions; templateId: string; delay?: number; retryPolicy?: Record<string, unknown>; id: string; }' is not assignable to type '(Without<NotificationEventCreateInput, NotificationEventUncheckedCreateInput> & NotificationEventUncheckedCreateInput) | (Without<...> & NotificationEventCreateInput)'.
  Type '{ code: string; name: string; description?: string; eventType: string; entityType?: string; conditions?: EventConditions; templateId: string; delay?: number; retryPolicy?: Record<string, unknown>; id: string; }' is not assignable to type 'Without<NotificationEventUncheckedCreateInput, NotificationEventCreateInput> & NotificationEventCreateInput'.
    Type '{ code: string; name: string; description?: string; eventType: string; entityType?: string; conditions?: EventConditions; templateId: string; delay?: number; retryPolicy?: Record<string, unknown>; id: string; }' is not assignable to type 'Without<NotificationEventUncheckedCreateInput, NotificationEventCreateInput>'.
      Types of property 'templateId' are incompatible.
        Type 'string' is not assignable to type 'never'.
src/services/notificationTemplate.service.ts(414,9): error TS2322: Type '{ updatedAt: Date; code?: string; name?: string; description?: string; eventType?: string; entityType?: string; conditions?: EventConditions; templateId?: string; delay?: number; retryPolicy?: Record<string, unknown>; }' is not assignable to type '(Without<NotificationEventUpdateInput, NotificationEventUncheckedUpdateInput> & NotificationEventUncheckedUpdateInput) | (Without<...> & NotificationEventUpdateInput)'.
  Type '{ updatedAt: Date; code?: string; name?: string; description?: string; eventType?: string; entityType?: string; conditions?: EventConditions; templateId?: string; delay?: number; retryPolicy?: Record<string, unknown>; }' is not assignable to type 'Without<NotificationEventUncheckedUpdateInput, NotificationEventUpdateInput> & NotificationEventUpdateInput'.
    Type '{ updatedAt: Date; code?: string; name?: string; description?: string; eventType?: string; entityType?: string; conditions?: EventConditions; templateId?: string; delay?: number; retryPolicy?: Record<string, unknown>; }' is not assignable to type 'Without<NotificationEventUncheckedUpdateInput, NotificationEventUpdateInput>'.
      Types of property 'templateId' are incompatible.
        Type 'string' is not assignable to type 'never'.
src/services/notificationTemplate.service.ts(631,36): error TS2352: Conversion of type 'string | number | boolean | JsonObject | JsonArray' to type 'TemplateData' may be a mistake because neither type sufficiently overlaps with the other. If this was intentional, convert the expression to 'unknown' first.
  Property 'content' is missing in type 'JsonValue[]' but required in type 'TemplateData'.
src/services/occasional-worker.service.ts(38,16): error TS2353: Object literal may only specify known properties, and 'personalFiscalCode' does not exist in type 'UserWhereUniqueInput'.
src/services/occasional-worker.service.ts(76,11): error TS2353: Object literal may only specify known properties, and 'metadata' does not exist in type '(Without<UserCreateInput, UserUncheckedCreateInput> & UserUncheckedCreateInput) | (Without<...> & UserCreateInput)'.
src/services/occasional-worker.service.ts(128,11): error TS2353: Object literal may only specify known properties, and 'userId' does not exist in type '(Without<NotificationCreateInput, NotificationUncheckedCreateInput> & NotificationUncheckedCreateInput) | (Without<...> & NotificationCreateInput)'.
src/services/occasional-worker.service.ts(139,11): error TS2322: Type '"OCCASIONAL_WORKER_REGISTRATION"' is not assignable to type 'AuditAction'.
src/services/occasional-worker.service.ts(149,11): error TS2322: Type '"AUTH"' is not assignable to type 'LogCategory'.
src/services/occasional-worker.service.ts(269,7): error TS7018: Object literal's property 'clients' implicitly has an 'any[]' type.
src/services/payment-fix-temp.ts(29,9): error TS7018: Object literal's property 'publicKey' implicitly has an 'any' type.
src/services/payment-fix-temp.ts(32,9): error TS7018: Object literal's property 'paymentMethods' implicitly has an 'any[]' type.
src/services/payment-fix-temp.ts(56,11): error TS7018: Object literal's property 'recentPayments' implicitly has an 'any[]' type.
src/services/payment-getbyid.ts(16,11): error TS2353: Object literal may only specify known properties, and 'client' does not exist in type 'PaymentInclude<DefaultArgs>'.
src/services/payment-methods-missing.ts(68,13): error TS2353: Object literal may only specify known properties, and 'client' does not exist in type 'PaymentInclude<DefaultArgs>'.
src/services/payment-unified.service.ts(12,53): error TS2305: Module '"@prisma/client"' has no exported member 'RefundStatus'.
src/services/payment-unified.service.ts(12,67): error TS2305: Module '"@prisma/client"' has no exported member 'RefundReason'.
src/services/payment-unified.service.ts(98,7): error TS2322: Type '"2024-06-20"' is not assignable to type '"2025-08-27.basil"'.
src/services/payment-uniform.service.ts(46,7): error TS2322: Type '"2024-06-20"' is not assignable to type '"2025-08-27.basil"'.
src/services/payment.service.ts(323,9): error TS2322: Type '{ clientId: string; professionalId: string; requestId: string; quoteId: string; amount: number; currency: string; type: "BOOKING" | "ACCESSORY" | "DEPOSIT" | "FINAL_PAYMENT" | "HOLD" | "SUBSCRIPTION" | "COMMISSION"; ... 5 more ...; metadata: Record<...>; }' is not assignable to type '(Without<PaymentCreateInput, PaymentUncheckedCreateInput> & PaymentUncheckedCreateInput) | (Without<...> & PaymentCreateInput)'.
  Type '{ clientId: string; professionalId: string; requestId: string; quoteId: string; amount: number; currency: string; type: "BOOKING" | "ACCESSORY" | "DEPOSIT" | "FINAL_PAYMENT" | "HOLD" | "SUBSCRIPTION" | "COMMISSION"; ... 5 more ...; metadata: Record<...>; }' is not assignable to type 'Without<PaymentUncheckedCreateInput, PaymentCreateInput> & PaymentCreateInput'.
    Type '{ clientId: string; professionalId: string; requestId: string; quoteId: string; amount: number; currency: string; type: "BOOKING" | "ACCESSORY" | "DEPOSIT" | "FINAL_PAYMENT" | "HOLD" | "SUBSCRIPTION" | "COMMISSION"; ... 5 more ...; metadata: Record<...>; }' is not assignable to type 'Without<PaymentUncheckedCreateInput, PaymentCreateInput>'.
      Types of property 'quoteId' are incompatible.
        Type 'string' is not assignable to type 'never'.
src/services/payment.service.ts(353,9): error TS2322: Type '"USER_REGISTERED"' is not assignable to type 'AuditAction'.
src/services/payment.service.ts(556,13): error TS2353: Object literal may only specify known properties, and 'data' does not exist in type '{ recipientId: string; type: string; title: string; content: string; priority?: NotificationPriority; metadata?: any; senderId?: string; entityType?: string; entityId?: string; }'.
src/services/payment.service.ts(562,11): error TS2322: Type '"USER_REGISTERED"' is not assignable to type 'AuditAction'.
src/services/payment.service.ts(637,51): error TS2769: No overload matches this call.
  Overload 1 of 2, '(params?: RefundCreateParams, options?: RequestOptions): Promise<Response<Refund>>', gave the following error.
    Type '"other" | "requested_by_customer"' is not assignable to type 'Reason'.
      Type '"other"' is not assignable to type 'Reason'.
  Overload 2 of 2, '(options?: RequestOptions): Promise<Response<Refund>>', gave the following error.
    Object literal may only specify known properties, and 'payment_intent' does not exist in type 'RequestOptions'.
src/services/payment.service.ts(652,9): error TS2322: Type '{ paymentId: string; amount: number; reason: string; status: string; stripeRefundId: string; metadata: {}; }' is not assignable to type '(Without<RefundCreateInput, RefundUncheckedCreateInput> & RefundUncheckedCreateInput) | (Without<...> & RefundCreateInput)'.
  Type '{ paymentId: string; amount: number; reason: string; status: string; stripeRefundId: string; metadata: {}; }' is not assignable to type 'Without<RefundUncheckedCreateInput, RefundCreateInput> & RefundCreateInput'.
    Type '{ paymentId: string; amount: number; reason: string; status: string; stripeRefundId: string; metadata: {}; }' is not assignable to type 'Without<RefundUncheckedCreateInput, RefundCreateInput>'.
      Types of property 'paymentId' are incompatible.
        Type 'string' is not assignable to type 'never'.
src/services/payment.service.ts(828,9): error TS7018: Object literal's property 'recentPayments' implicitly has an 'any[]' type.
src/services/pdf.service.ts(300,29): error TS2345: Argument of type '(value: unknown) => void' is not assignable to parameter of type '() => void'.
  Target signature provides too few arguments. Expected 1 or more, but got 0.
src/services/pdf.service.ts(328,11): error TS2353: Object literal may only specify known properties, and 'attachments' does not exist in type 'AssistanceRequestInclude<DefaultArgs>'.
src/services/pdf.service.ts(445,29): error TS2345: Argument of type '(value: unknown) => void' is not assignable to parameter of type '() => void'.
  Target signature provides too few arguments. Expected 1 or more, but got 0.
src/services/pdf.service.ts(471,20): error TS2353: Object literal may only specify known properties, and 'totalAmount' does not exist in type 'QuoteOrderByWithRelationInput | QuoteOrderByWithRelationInput[]'.
src/services/pdf.service.ts(511,29): error TS2345: Argument of type '(value: unknown) => void' is not assignable to parameter of type '() => void'.
  Target signature provides too few arguments. Expected 1 or more, but got 0.
src/services/portfolio.service.ts(43,9): error TS2322: Type '{ isPublic: true; viewCount: number; title: string; description?: string; beforeImage: string; afterImage: string; professionalId: string; categoryId: string; requestId?: string; technicalDetails?: string; ... 5 more ...; workCompletedAt?: Date; }' is not assignable to type '(Without<PortfolioCreateInput, PortfolioUncheckedCreateInput> & PortfolioUncheckedCreateInput) | (Without<...> & PortfolioCreateInput)'.
  Type '{ isPublic: true; viewCount: number; title: string; description?: string; beforeImage: string; afterImage: string; professionalId: string; categoryId: string; requestId?: string; technicalDetails?: string; ... 5 more ...; workCompletedAt?: Date; }' is not assignable to type 'Without<PortfolioUncheckedCreateInput, PortfolioCreateInput> & PortfolioCreateInput'.
    Type '{ isPublic: true; viewCount: number; title: string; description?: string; beforeImage: string; afterImage: string; professionalId: string; categoryId: string; requestId?: string; technicalDetails?: string; ... 5 more ...; workCompletedAt?: Date; }' is not assignable to type 'Without<PortfolioUncheckedCreateInput, PortfolioCreateInput>'.
      Types of property 'professionalId' are incompatible.
        Type 'string' is not assignable to type 'never'.
src/services/portfolio.service.ts(49,11): error TS2561: Object literal may only specify known properties, but 'category' does not exist in type 'PortfolioInclude<DefaultArgs>'. Did you mean to write 'Category'?
src/services/portfolio.service.ts(88,11): error TS2561: Object literal may only specify known properties, but 'category' does not exist in type 'PortfolioInclude<DefaultArgs>'. Did you mean to write 'Category'?
src/services/portfolio.service.ts(117,11): error TS2561: Object literal may only specify known properties, but 'category' does not exist in type 'PortfolioInclude<DefaultArgs>'. Did you mean to write 'Category'?
src/services/portfolio.service.ts(186,11): error TS2561: Object literal may only specify known properties, but 'category' does not exist in type 'PortfolioInclude<DefaultArgs>'. Did you mean to write 'Category'?
src/services/portfolio.service.ts(247,11): error TS2561: Object literal may only specify known properties, but 'category' does not exist in type 'PortfolioInclude<DefaultArgs>'. Did you mean to write 'Category'?
src/services/portfolio.service.ts(309,11): error TS2561: Object literal may only specify known properties, but 'category' does not exist in type 'PortfolioInclude<DefaultArgs>'. Did you mean to write 'Category'?
src/services/portfolio.service.ts(341,11): error TS2561: Object literal may only specify known properties, but 'category' does not exist in type 'PortfolioInclude<DefaultArgs>'. Did you mean to write 'Category'?
src/services/portfolio.service.ts(373,11): error TS2561: Object literal may only specify known properties, but 'category' does not exist in type 'PortfolioInclude<DefaultArgs>'. Did you mean to write 'Category'?
src/services/professional-payment-methods.ts(29,9): error TS7018: Object literal's property 'lastPayout' implicitly has an 'any' type.
src/services/professional-payment-methods.ts(30,9): error TS7018: Object literal's property 'nextPayout' implicitly has an 'any' type.
src/services/professional-payment-methods.ts(32,9): error TS7018: Object literal's property 'recentPayments' implicitly has an 'any[]' type.
src/services/professional-payment-methods.ts(54,9): error TS7010: 'getProfessionalPayments', which lacks return-type annotation, implicitly has an 'any[]' return type.
src/services/professionalPayment.service.ts(25,9): error TS7018: Object literal's property 'lastPayout' implicitly has an 'any' type.
src/services/professionalPayment.service.ts(26,9): error TS7018: Object literal's property 'nextPayout' implicitly has an 'any' type.
src/services/professionalPayment.service.ts(28,9): error TS7018: Object literal's property 'recentPayments' implicitly has an 'any[]' type.
src/services/professionalPayment.service.ts(50,9): error TS7010: 'getProfessionalPayments', which lacks return-type annotation, implicitly has an 'any[]' return type.
src/services/professionalPhrases.service.ts(34,11): error TS2322: Type 'number' is not assignable to type 'string | StringFilter<"ProfessionalReportPhrase">'.
src/services/professionalPhrases.service.ts(65,29): error TS2551: Property 'category' does not exist on type '{ professionalId: string; Category: "note" | "problem" | "solution" | "recommendation"; code: string; title: string; content: string; isFavorite?: boolean; }'. Did you mean 'Category'?
src/services/professionalPhrases.service.ts(69,9): error TS2322: Type '{ professionalId: string; Category: "note" | "problem" | "solution" | "recommendation"; code: string; title: string; content: string; isFavorite?: boolean; }' is not assignable to type '(Without<ProfessionalReportPhraseCreateInput, ProfessionalReportPhraseUncheckedCreateInput> & ProfessionalReportPhraseUncheckedCreateInput) | (Without<...> & ProfessionalReportPhraseCreateInput)'.
  Type '{ professionalId: string; Category: "note" | "problem" | "solution" | "recommendation"; code: string; title: string; content: string; isFavorite?: boolean; }' is not assignable to type 'Without<ProfessionalReportPhraseUncheckedCreateInput, ProfessionalReportPhraseCreateInput> & ProfessionalReportPhraseCreateInput'.
    Type '{ professionalId: string; Category: "note" | "problem" | "solution" | "recommendation"; code: string; title: string; content: string; isFavorite?: boolean; }' is not assignable to type 'Without<ProfessionalReportPhraseUncheckedCreateInput, ProfessionalReportPhraseCreateInput>'.
      Types of property 'professionalId' are incompatible.
        Type 'string' is not assignable to type 'never'.
src/services/professionalPhrases.service.ts(86,18): error TS2322: Type 'number' is not assignable to type 'string'.
src/services/professionalPhrases.service.ts(107,18): error TS2322: Type 'number' is not assignable to type 'string'.
src/services/professionalPhrases.service.ts(127,18): error TS2322: Type 'number' is not assignable to type 'string'.
src/services/professionalPhrases.service.ts(145,18): error TS2322: Type 'number' is not assignable to type 'string'.
src/services/professionalPhrases.service.ts(192,11): error TS2561: Object literal may only specify known properties, but 'Category' does not exist in type 'ProfessionalReportPhraseWhereInput'. Did you mean to write 'category'?
src/services/professionalPhrases.service.ts(192,21): error TS2552: Cannot find name 'category'. Did you mean 'Category'?
src/services/professionalPhrases.service.ts(215,35): error TS2551: Property 'professionalPhrase' does not exist on type 'Omit<PrismaClient<PrismaClientOptions, LogLevel, DefaultArgs>, "$connect" | "$disconnect" | "$on" | "$transaction" | "$extends">'. Did you mean 'professionalReportPhrase'?
src/services/professionalPhrases.service.ts(255,13): error TS2561: Object literal may only specify known properties, but 'Category' does not exist in type 'ProfessionalReportPhraseOrderByWithRelationInput'. Did you mean to write 'category'?
src/services/quote.service.ts(744,11): error TS2561: Object literal may only specify known properties, but 'user' does not exist in type '(Without<QuoteTemplateCreateInput, QuoteTemplateUncheckedCreateInput> & QuoteTemplateUncheckedCreateInput) | (Without<...> & QuoteTemplateCreateInput)'. Did you mean to write 'User'?
src/services/referral.service.ts(83,9): error TS2322: Type '{ referrerId: string; code: string; email: string; }' is not assignable to type '(Without<ReferralCreateInput, ReferralUncheckedCreateInput> & ReferralUncheckedCreateInput) | (Without<...> & ReferralCreateInput)'.
  Type '{ referrerId: string; code: string; email: string; }' is not assignable to type 'Without<ReferralUncheckedCreateInput, ReferralCreateInput> & ReferralCreateInput'.
    Type '{ referrerId: string; code: string; email: string; }' is not assignable to type 'Without<ReferralUncheckedCreateInput, ReferralCreateInput>'.
      Types of property 'referrerId' are incompatible.
        Type 'string' is not assignable to type 'never'.
src/services/referral.service.ts(92,28): error TS2339: Property 'sendReferralInvite' does not exist on type 'EmailService'.
src/services/referral.service.ts(155,20): error TS2353: Object literal may only specify known properties, and 'referrer' does not exist in type 'ReferralInclude<DefaultArgs>'.
src/services/referral.service.ts(197,65): error TS2554: Expected 1 arguments, but got 2.
src/services/referral.service.ts(233,20): error TS2353: Object literal may only specify known properties, and 'referrer' does not exist in type 'ReferralInclude<DefaultArgs>'.
src/services/referral.service.ts(260,65): error TS2554: Expected 1 arguments, but got 2.
src/services/referral.service.ts(295,13): error TS2353: Object literal may only specify known properties, and 'referee' does not exist in type 'ReferralInclude<DefaultArgs>'.
src/services/referral.service.ts(391,9): error TS2322: Type '{ userId: string; points: number; totalEarned: number; totalSpent: number; }' is not assignable to type '(Without<UserPointsCreateInput, UserPointsUncheckedCreateInput> & UserPointsUncheckedCreateInput) | (Without<...> & UserPointsCreateInput)'.
  Type '{ userId: string; points: number; totalEarned: number; totalSpent: number; }' is not assignable to type 'Without<UserPointsUncheckedCreateInput, UserPointsCreateInput> & UserPointsCreateInput'.
    Type '{ userId: string; points: number; totalEarned: number; totalSpent: number; }' is not assignable to type 'Without<UserPointsUncheckedCreateInput, UserPointsCreateInput>'.
      Types of property 'userId' are incompatible.
        Type 'string' is not assignable to type 'never'.
src/services/referral.service.ts(405,9): error TS2322: Type '{ userId: string; points: number; type: "REFERRAL_SIGNUP" | "REFERRAL_CONVERSION" | "WELCOME_BONUS"; description: string; metadata: any; referralId: any; }' is not assignable to type '(Without<PointTransactionCreateInput, PointTransactionUncheckedCreateInput> & PointTransactionUncheckedCreateInput) | (Without<...> & PointTransactionCreateInput)'.
  Type '{ userId: string; points: number; type: "REFERRAL_SIGNUP" | "REFERRAL_CONVERSION" | "WELCOME_BONUS"; description: string; metadata: any; referralId: any; }' is not assignable to type 'Without<PointTransactionUncheckedCreateInput, PointTransactionCreateInput> & PointTransactionCreateInput'.
    Type '{ userId: string; points: number; type: "REFERRAL_SIGNUP" | "REFERRAL_CONVERSION" | "WELCOME_BONUS"; description: string; metadata: any; referralId: any; }' is not assignable to type 'Without<PointTransactionUncheckedCreateInput, PointTransactionCreateInput>'.
      Types of property 'userId' are incompatible.
        Type 'string' is not assignable to type 'never'.
src/services/referral.service.ts(469,13): error TS2353: Object literal may only specify known properties, and 'referrer' does not exist in type 'ReferralInclude<DefaultArgs>'.
src/services/registration-validation.service.ts(1,24): error TS2307: Cannot find module '../lib/prisma' or its corresponding type declarations.
src/services/registration-validation.service.ts(2,10): error TS2305: Module '"../utils/errors"' has no exported member 'BadRequestError'.
src/services/registration-validation.service.ts(105,45): error TS7006: Parameter 'tx' implicitly has an 'any' type.
src/services/review.service.ts(48,7): error TS2322: Type '{ requestId: string; rating: number; comment: string; clientId: string; professionalId: string; isVerified: true; }' is not assignable to type '(Without<ReviewCreateInput, ReviewUncheckedCreateInput> & ReviewUncheckedCreateInput) | (Without<...> & ReviewCreateInput)'.
  Type '{ requestId: string; rating: number; comment: string; clientId: string; professionalId: string; isVerified: true; }' is not assignable to type 'Without<ReviewUncheckedCreateInput, ReviewCreateInput> & ReviewCreateInput'.
    Type '{ requestId: string; rating: number; comment: string; clientId: string; professionalId: string; isVerified: true; }' is not assignable to type 'Without<ReviewUncheckedCreateInput, ReviewCreateInput>'.
      Types of property 'clientId' are incompatible.
        Type 'string' is not assignable to type 'never'.
src/services/review.service.ts(57,9): error TS2353: Object literal may only specify known properties, and 'client' does not exist in type 'ReviewInclude<DefaultArgs>'.
src/services/review.service.ts(91,11): error TS2353: Object literal may only specify known properties, and 'client' does not exist in type 'ReviewInclude<DefaultArgs>'.
src/services/review.service.ts(182,18): error TS2561: Object literal may only specify known properties, but 'review' does not exist in type 'AssistanceRequestInclude<DefaultArgs>'. Did you mean to write 'Review'?
src/services/review.service.ts(197,17): error TS2339: Property 'review' does not exist on type '{ status: RequestStatus; id: string; createdAt: Date; updatedAt: Date; description: string; clientId: string; professionalId: string; address: string; city: string; ... 25 more ...; travelDurationText: string; }'.
src/services/review.service.ts(228,9): error TS2353: Object literal may only specify known properties, and 'client' does not exist in type 'ReviewInclude<DefaultArgs>'.
src/services/review.service.ts(280,9): error TS2353: Object literal may only specify known properties, and 'client' does not exist in type 'ReviewInclude<DefaultArgs>'.
src/services/simple-backup.service.ts(150,54): error TS2554: Expected 1 arguments, but got 2.
src/services/simple-backup.service.ts(168,9): error TS2322: Type '"FULL" | "DATABASE" | "CODE" | "INCREMENTAL" | "DIFFERENTIAL" | "UPLOADS"' is not assignable to type 'BackupType | "UPLOADS"'.
  Type '"FULL"' is not assignable to type 'BackupType | "UPLOADS"'.
src/services/simple-backup.service.ts(200,54): error TS2554: Expected 1 arguments, but got 2.
src/services/simple-backup.service.ts(293,9): error TS2322: Type '"FULL" | "DATABASE" | "CODE" | "INCREMENTAL" | "DIFFERENTIAL" | "UPLOADS"' is not assignable to type 'BackupType | "UPLOADS"'.
  Type '"FULL"' is not assignable to type 'BackupType | "UPLOADS"'.
src/services/simple-backup.service.ts(372,9): error TS2322: Type '"FULL" | "DATABASE" | "CODE" | "INCREMENTAL" | "DIFFERENTIAL" | "UPLOADS"' is not assignable to type 'BackupType | "UPLOADS"'.
  Type '"FULL"' is not assignable to type 'BackupType | "UPLOADS"'.
src/services/simple-backup.service.ts(880,60): error TS2554: Expected 1 arguments, but got 2.
src/services/simple-backup.service.ts(1089,60): error TS2554: Expected 1 arguments, but got 2.
src/services/systemEnum.service.ts(133,27): error TS2551: Property 'category' does not exist on type '{ id: string; name: string; description: string; Category: string; isEditable: boolean; values: ({ value: string; label: string; color: string; textColor: string; order: number; isDefault?: undefined; } | { ...; })[]; } | ... 5 more ... | { ...; }'. Did you mean 'Category'?
  Property 'category' does not exist on type '{ id: string; name: string; description: string; Category: string; isEditable: boolean; values: ({ value: string; label: string; color: string; textColor: string; order: number; isDefault?: undefined; } | { ...; })[]; }'.
src/services/systemEnum.service.ts(141,28): error TS2339: Property 'description' does not exist on type '{ value: string; label: string; color: string; textColor: string; order: number; isDefault?: undefined; } | { value: string; label: string; color: string; textColor: string; order: number; isDefault: boolean; }'.
  Property 'description' does not exist on type '{ value: string; label: string; color: string; textColor: string; order: number; isDefault?: undefined; }'.
src/services/systemEnum.service.ts(144,24): error TS2551: Property 'bgColor' does not exist on type '{ value: string; label: string; color: string; textColor: string; order: number; isDefault?: undefined; } | { value: string; label: string; color: string; textColor: string; order: number; isDefault: boolean; }'. Did you mean 'color'?
  Property 'bgColor' does not exist on type '{ value: string; label: string; color: string; textColor: string; order: number; isDefault?: undefined; }'.
src/services/systemEnum.service.ts(145,21): error TS2339: Property 'icon' does not exist on type '{ value: string; label: string; color: string; textColor: string; order: number; isDefault?: undefined; } | { value: string; label: string; color: string; textColor: string; order: number; isDefault: boolean; }'.
  Property 'icon' does not exist on type '{ value: string; label: string; color: string; textColor: string; order: number; isDefault?: undefined; }'.
src/services/systemEnum.service.ts(149,25): error TS2339: Property 'metadata' does not exist on type '{ value: string; label: string; color: string; textColor: string; order: number; isDefault?: undefined; } | { value: string; label: string; color: string; textColor: string; order: number; isDefault: boolean; }'.
  Property 'metadata' does not exist on type '{ value: string; label: string; color: string; textColor: string; order: number; isDefault?: undefined; }'.
src/services/systemEnum.service.ts(163,23): error TS7053: Element implicitly has an 'any' type because expression of type 'string' can't be used to index type '{ PRIORITY: { id: string; name: string; description: string; Category: string; isEditable: boolean; values: ({ value: string; label: string; color: string; textColor: string; order: number; isDefault?: undefined; } | { ...; })[]; }; ... 5 more ...; NOTIFICATION_PRIORITY: { ...; }; }'.
  No index signature with a parameter of type 'string' was found on type '{ PRIORITY: { id: string; name: string; description: string; Category: string; isEditable: boolean; values: ({ value: string; label: string; color: string; textColor: string; order: number; isDefault?: undefined; } | { ...; })[]; }; ... 5 more ...; NOTIFICATION_PRIORITY: { ...; }; }'.
src/services/systemEnum.service.ts(168,34): error TS7006: Parameter 'val' implicitly has an 'any' type.
src/services/systemEnum.service.ts(168,39): error TS7006: Parameter 'idx' implicitly has an 'any' type.
src/services/systemEnum.service.ts(194,23): error TS7053: Element implicitly has an 'any' type because expression of type 'string' can't be used to index type '{ PRIORITY: { id: string; name: string; description: string; Category: string; isEditable: boolean; values: ({ value: string; label: string; color: string; textColor: string; order: number; isDefault?: undefined; } | { ...; })[]; }; ... 5 more ...; NOTIFICATION_PRIORITY: { ...; }; }'.
  No index signature with a parameter of type 'string' was found on type '{ PRIORITY: { id: string; name: string; description: string; Category: string; isEditable: boolean; values: ({ value: string; label: string; color: string; textColor: string; order: number; isDefault?: undefined; } | { ...; })[]; }; ... 5 more ...; NOTIFICATION_PRIORITY: { ...; }; }'.
src/services/systemEnum.service.ts(199,45): error TS7006: Parameter 'val' implicitly has an 'any' type.
src/services/systemEnum.service.ts(278,25): error TS7006: Parameter 'value' implicitly has an 'any' type.
src/services/systemSettings.service.ts(27,13): error TS2561: Object literal may only specify known properties, but 'Category' does not exist in type 'SystemSettingOrderByWithRelationInput'. Did you mean to write 'category'?
src/services/systemSettings.service.ts(54,18): error TS2552: Cannot find name 'category'. Did you mean 'Category'?
src/services/systemSettings.service.ts(60,60): error TS2552: Cannot find name 'category'. Did you mean 'Category'?
src/services/systemSettings.service.ts(160,11): error TS2561: Object literal may only specify known properties, but 'Category' does not exist in type '(Without<SystemSettingUpdateInput, SystemSettingUncheckedUpdateInput> & SystemSettingUncheckedUpdateInput) | (Without<...> & SystemSettingUpdateInput)'. Did you mean to write 'category'?
src/services/systemSettings.service.ts(174,11): error TS2561: Object literal may only specify known properties, but 'Category' does not exist in type '(Without<SystemSettingCreateInput, SystemSettingUncheckedCreateInput> & SystemSettingUncheckedCreateInput) | (Without<...> & SystemSettingCreateInput)'. Did you mean to write 'category'?
src/services/testRunnerService.ts(503,42): error TS2551: Property 'professionalSubcategory' does not exist on type 'PrismaClient<{ log: ("warn" | "error")[]; }, "warn" | "error", DefaultArgs>'. Did you mean 'professionalUserSubcategory'?
src/services/testRunnerService.ts(844,35): error TS2551: Property 'category' does not exist on type 'TestResult'. Did you mean 'Category'?
src/services/testRunnerService.ts(861,30): error TS2551: Property 'category' does not exist on type 'TestResult'. Did you mean 'Category'?
src/services/testRunnerService.ts(862,27): error TS2551: Property 'category' does not exist on type 'TestResult'. Did you mean 'Category'?
src/services/testRunnerService.ts(870,25): error TS2551: Property 'category' does not exist on type 'TestResult'. Did you mean 'Category'?
src/services/testRunnerService.ts(873,27): error TS2551: Property 'category' does not exist on type 'TestResult'. Did you mean 'Category'?
src/services/testRunnerService.ts(875,27): error TS2551: Property 'category' does not exist on type 'TestResult'. Did you mean 'Category'?
src/services/testRunnerService.ts(877,27): error TS2551: Property 'category' does not exist on type 'TestResult'. Did you mean 'Category'?
src/services/testRunnerService.ts(962,34): error TS2552: Cannot find name 'category'. Did you mean 'Category'?
src/services/travel.service.ts(44,54): error TS2345: Argument of type '{ id: string; address: string; city: string; province: string; postalCode: string; workAddress: string; workCity: string; workProvince: string; workPostalCode: string; workLatitude: number; workLongitude: number; useResidenceAsWorkAddress: boolean; latitude: number; longitude: number; }' is not assignable to parameter of type '{ status: string; id: string; createdAt: Date; updatedAt: Date; currency: string; email: string; username: string; password: string; firstName: string; lastName: string; fullName: string; ... 51 more ...; referralCode: string; }'.
  Type '{ id: string; address: string; city: string; province: string; postalCode: string; workAddress: string; workCity: string; workProvince: string; workPostalCode: string; workLatitude: number; workLongitude: number; useResidenceAsWorkAddress: boolean; latitude: number; longitude: number; }' is missing the following properties from type '{ status: string; id: string; createdAt: Date; updatedAt: Date; currency: string; email: string; username: string; password: string; firstName: string; lastName: string; fullName: string; ... 51 more ...; referralCode: string; }': status, createdAt, updatedAt, currency, and 45 more.
src/services/travel.service.ts(95,9): error TS2353: Object literal may only specify known properties, and 'workAddress' does not exist in type 'WorkAddress'.
src/services/travel.service.ts(122,69): error TS2345: Argument of type 'LocationCoordinates' is not assignable to parameter of type '{ lat: number; lng: number; }'.
  Type 'LocationCoordinates' is missing the following properties from type '{ lat: number; lng: number; }': lat, lng
src/services/travel.service.ts(339,69): error TS2345: Argument of type '{ id: string; address: string; city: string; province: string; postalCode: string; workAddress: string; workCity: string; workProvince: string; workPostalCode: string; workLatitude: number; workLongitude: number; useResidenceAsWorkAddress: boolean; travelRatePerKm: Decimal; latitude: number; longitude: number; }' is not assignable to parameter of type '{ status: string; id: string; createdAt: Date; updatedAt: Date; currency: string; email: string; username: string; password: string; firstName: string; lastName: string; fullName: string; ... 51 more ...; referralCode: string; }'.
  Type '{ id: string; address: string; city: string; province: string; postalCode: string; workAddress: string; workCity: string; workProvince: string; workPostalCode: string; workLatitude: number; workLongitude: number; useResidenceAsWorkAddress: boolean; travelRatePerKm: Decimal; latitude: number; longitude: number; }' is missing the following properties from type '{ status: string; id: string; createdAt: Date; updatedAt: Date; currency: string; email: string; username: string; password: string; firstName: string; lastName: string; fullName: string; ... 51 more ...; referralCode: string; }': status, createdAt, updatedAt, currency, and 44 more.
src/services/travel.service.ts(532,69): error TS2345: Argument of type '{ id: string; address: string; city: string; province: string; postalCode: string; workAddress: string; workCity: string; workProvince: string; workPostalCode: string; workLatitude: number; workLongitude: number; useResidenceAsWorkAddress: boolean; travelRatePerKm: Decimal; latitude: number; longitude: number; }' is not assignable to parameter of type '{ status: string; id: string; createdAt: Date; updatedAt: Date; currency: string; email: string; username: string; password: string; firstName: string; lastName: string; fullName: string; ... 51 more ...; referralCode: string; }'.
  Type '{ id: string; address: string; city: string; province: string; postalCode: string; workAddress: string; workCity: string; workProvince: string; workPostalCode: string; workLatitude: number; workLongitude: number; useResidenceAsWorkAddress: boolean; travelRatePerKm: Decimal; latitude: number; longitude: number; }' is missing the following properties from type '{ status: string; id: string; createdAt: Date; updatedAt: Date; currency: string; email: string; username: string; password: string; firstName: string; lastName: string; fullName: string; ... 51 more ...; referralCode: string; }': status, createdAt, updatedAt, currency, and 44 more.
src/services/travel.service.ts(560,73): error TS2345: Argument of type 'LocationCoordinates' is not assignable to parameter of type '{ lat: number; lng: number; }'.
  Type 'LocationCoordinates' is missing the following properties from type '{ lat: number; lng: number; }': lat, lng
src/services/user.service.ts(26,10): error TS2614: Module '"./email.service"' has no exported member 'sendEmail'. Did you mean to use 'import sendEmail from "./email.service"' instead?
src/services/websocket.service.ts(11,10): error TS2305: Module '"../websocket/socket.server"' has no exported member 'sendToUser'.
src/services/websocket.service.ts(11,42): error TS2305: Module '"../websocket/socket.server"' has no exported member 'broadcastToOrganization'.
src/services/websocket.service.ts(11,67): error TS2305: Module '"../websocket/socket.server"' has no exported member 'isUserOnline'.
src/services/whatsapp-adapter.service.ts(98,66): error TS2307: Cannot find module './evolution-whatsapp-simple.service' or its corresponding type declarations.
src/services/whatsapp-adapter.service.ts(325,9): error TS7018: Object literal's property 'features' implicitly has an 'any[]' type.
src/services/whatsapp-error-handler.service.ts(12,10): error TS2724: '"./auditLog.service"' has no exported member named 'auditService'. Did you mean 'auditLogService'?
src/services/whatsapp-error-handler.service.ts(417,11): error TS2353: Object literal may only specify known properties, and 'isActive' does not exist in type 'UserWhereInput'.
src/services/whatsapp-error-handler.service.ts(423,56): error TS2554: Expected 1 arguments, but got 2.
src/services/whatsapp-error-handler.service.ts(496,14): error TS7006: Parameter 'err' implicitly has an 'any' type.
src/services/whatsapp-fix-detached.ts(6,35): error TS2307: Cannot find module '../src/services/wppconnect.service' or its corresponding type declarations.
src/services/whatsapp-instance.service.ts(15,18): error TS2339: Property 'systemConfiguration' does not exist on type 'PrismaClient<{ log: ("warn" | "error")[]; }, "warn" | "error", DefaultArgs>'.
src/services/whatsapp-instance.service.ts(40,33): error TS2339: Property 'systemConfiguration' does not exist on type 'PrismaClient<{ log: ("warn" | "error")[]; }, "warn" | "error", DefaultArgs>'.
src/services/whatsapp-instance.service.ts(61,18): error TS2339: Property 'systemConfiguration' does not exist on type 'PrismaClient<{ log: ("warn" | "error")[]; }, "warn" | "error", DefaultArgs>'.
src/services/whatsapp-instance.service.ts(77,18): error TS2339: Property 'systemConfiguration' does not exist on type 'PrismaClient<{ log: ("warn" | "error")[]; }, "warn" | "error", DefaultArgs>'.
src/services/whatsapp-instance.service.ts(92,20): error TS2339: Property 'systemConfiguration' does not exist on type 'PrismaClient<{ log: ("warn" | "error")[]; }, "warn" | "error", DefaultArgs>'.
src/services/whatsapp-manager.service.ts(156,7): error TS2322: Type '{ messageId: any; phoneNumber: string; message: string; direction: string; fromMe: true; status: string; timestamp: Date; }' is not assignable to type '(Without<WhatsAppMessageCreateInput, WhatsAppMessageUncheckedCreateInput> & WhatsAppMessageUncheckedCreateInput) | (Without<...> & WhatsAppMessageCreateInput)'.
  Type '{ messageId: any; phoneNumber: string; message: string; direction: string; fromMe: true; status: string; timestamp: Date; }' is not assignable to type 'Without<WhatsAppMessageUncheckedCreateInput, WhatsAppMessageCreateInput> & WhatsAppMessageCreateInput'.
    Type '{ messageId: any; phoneNumber: string; message: string; direction: string; fromMe: true; status: string; timestamp: Date; }' is missing the following properties from type 'WhatsAppMessageCreateInput': id, updatedAt
src/services/whatsapp-manager.service.ts(193,21): error TS2339: Property 'connected' does not exist on type 'Promise<{ connected: boolean; qrCode: string; }>'.
src/services/whatsapp-manager.service.ts(196,29): error TS2339: Property 'connected' does not exist on type 'Promise<{ connected: boolean; qrCode: string; }>'.
src/services/whatsapp-manager.service.ts(201,48): error TS2339: Property 'connected' does not exist on type 'Promise<{ connected: boolean; qrCode: string; }>'.
src/services/whatsapp-manager.service.ts(215,30): error TS2339: Property 'connected' does not exist on type 'Promise<{ connected: boolean; qrCode: string; }>'.
src/services/whatsapp-manager.service.ts(216,27): error TS2339: Property 'qrCode' does not exist on type 'Promise<{ connected: boolean; qrCode: string; }>'.
src/services/whatsapp-media.service.ts(14,10): error TS2724: '"./auditLog.service"' has no exported member named 'auditService'. Did you mean 'auditLogService'?
src/services/whatsapp-media.service.ts(110,48): error TS1064: The return type of an async function or method must be the global Promise<T> type. Did you mean to write 'Promise<string>'?
src/services/whatsapp-media.service.ts(175,9): error TS2322: Type '{ messageId: any; phoneNumber: any; message: any; direction: any; status: any; timestamp: Date; type: any; isMedia: true; mediaPath: any; mediaUrl: any; caption: any; filename: any; mimetype: any; ... 5 more ...; locationAddress: any; }' is not assignable to type '(Without<WhatsAppMessageCreateInput, WhatsAppMessageUncheckedCreateInput> & WhatsAppMessageUncheckedCreateInput) | (Without<...> & WhatsAppMessageCreateInput)'.
  Type '{ messageId: any; phoneNumber: any; message: any; direction: any; status: any; timestamp: Date; type: any; isMedia: true; mediaPath: any; mediaUrl: any; caption: any; filename: any; mimetype: any; ... 5 more ...; locationAddress: any; }' is not assignable to type 'Without<WhatsAppMessageUncheckedCreateInput, WhatsAppMessageCreateInput> & WhatsAppMessageCreateInput'.
    Type '{ messageId: any; phoneNumber: any; message: any; direction: any; status: any; timestamp: Date; type: any; isMedia: true; mediaPath: any; mediaUrl: any; caption: any; filename: any; mimetype: any; ... 5 more ...; locationAddress: any; }' is missing the following properties from type 'WhatsAppMessageCreateInput': id, updatedAt
src/services/whatsapp-polling.service.ts(35,33): error TS2339: Property 'systemConfiguration' does not exist on type 'PrismaClient<{ log: ("warn" | "error")[]; }, "warn" | "error", DefaultArgs>'.
src/services/whatsapp-polling.service.ts(62,18): error TS2339: Property 'systemConfiguration' does not exist on type 'PrismaClient<{ log: ("warn" | "error")[]; }, "warn" | "error", DefaultArgs>'.
src/services/whatsapp-polling.service.ts(210,18): error TS2353: Object literal may only specify known properties, and 'receivedAt' does not exist in type 'WhatsAppMessageOrderByWithRelationInput | WhatsAppMessageOrderByWithRelationInput[]'.
src/services/whatsapp-polling.service.ts(213,32): error TS2339: Property 'receivedAt' does not exist on type '{ type: string; timestamp: Date; status: string; id: string; userId: string; createdAt: Date; updatedAt: Date; requestId: string; latitude: number; longitude: number; message: string; ... 31 more ...; rawData: JsonValue; }'.
src/services/whatsapp-polling.service.ts(239,11): error TS7034: Variable 'allMessages' implicitly has type 'any[]' in some locations where its type cannot be determined.
src/services/whatsapp-polling.service.ts(258,29): error TS7005: Variable 'allMessages' implicitly has an 'any[]' type.
src/services/whatsapp-polling.service.ts(352,13): error TS2353: Object literal may only specify known properties, and 'metadata' does not exist in type 'WhatsAppMessageWhereInput'.
src/services/whatsapp-polling.service.ts(362,17): error TS2353: Object literal may only specify known properties, and 'receivedAt' does not exist in type 'WhatsAppMessageWhereInput'.
src/services/whatsapp-polling.service.ts(387,9): error TS2353: Object literal may only specify known properties, and 'receivedAt' does not exist in type '(Without<WhatsAppMessageCreateInput, WhatsAppMessageUncheckedCreateInput> & WhatsAppMessageUncheckedCreateInput) | (Without<...> & WhatsAppMessageCreateInput)'.
src/services/whatsapp-realtime.service.ts(217,9): error TS2322: Type '"WHATSAPP_MESSAGE_RECEIVED"' is not assignable to type 'AuditAction'.
src/services/whatsapp-realtime.service.ts(311,20): error TS2352: Conversion of type 'Message' to type 'InputJsonValue' may be a mistake because neither type sufficiently overlaps with the other. If this was intentional, convert the expression to 'unknown' first.
  Type 'Message' is not comparable to type 'InputJsonObject'.
    Index signature for type 'string' is missing in type 'Message'.
src/services/whatsapp-realtime.service.ts(314,11): error TS2353: Object literal may only specify known properties, and 'contactId' does not exist in type '(Without<WhatsAppMessageCreateInput, WhatsAppMessageUncheckedCreateInput> & WhatsAppMessageUncheckedCreateInput) | (Without<...> & WhatsAppMessageCreateInput)'.
src/services/whatsapp-realtime.service.ts(391,11): error TS2322: Type '"high" | "medium"' is not assignable to type '"high" | "low" | "normal" | "urgent"'.
  Type '"medium"' is not assignable to type '"high" | "low" | "normal" | "urgent"'.
src/services/whatsapp-realtime.service.ts(459,13): error TS2353: Object literal may only specify known properties, and 'metadata' does not exist in type '(Without<RequestChatMessageCreateInput, RequestChatMessageUncheckedCreateInput> & RequestChatMessageUncheckedCreateInput) | (Without<...> & RequestChatMessageCreateInput)'.
src/services/whatsapp-realtime.service.ts(494,15): error TS2353: Object literal may only specify known properties, and 'channel' does not exist in type '(Without<AssistanceRequestCreateInput, AssistanceRequestUncheckedCreateInput> & AssistanceRequestUncheckedCreateInput) | (Without<...> & AssistanceRequestCreateInput)'.
src/services/whatsapp-realtime.service.ts(587,11): error TS2322: Type '"high" | "medium"' is not assignable to type '"high" | "low" | "normal" | "urgent"'.
  Type '"medium"' is not assignable to type '"high" | "low" | "normal" | "urgent"'.
src/services/whatsapp-realtime.service.ts(655,11): error TS2353: Object literal may only specify known properties, and 'readBy' does not exist in type '(Without<WhatsAppMessageUpdateInput, WhatsAppMessageUncheckedUpdateInput> & WhatsAppMessageUncheckedUpdateInput) | (Without<...> & WhatsAppMessageUpdateInput)'.
src/services/whatsapp-template.service.ts(320,9): error TS2322: Type '{ messageId: any; phoneNumber: string; message: string; direction: string; status: string; timestamp: Date; type: string; }' is not assignable to type '(Without<WhatsAppMessageCreateInput, WhatsAppMessageUncheckedCreateInput> & WhatsAppMessageUncheckedCreateInput) | (Without<...> & WhatsAppMessageCreateInput)'.
  Type '{ messageId: any; phoneNumber: string; message: string; direction: string; status: string; timestamp: Date; type: string; }' is not assignable to type 'Without<WhatsAppMessageUncheckedCreateInput, WhatsAppMessageCreateInput> & WhatsAppMessageCreateInput'.
    Type '{ messageId: any; phoneNumber: string; message: string; direction: string; status: string; timestamp: Date; type: string; }' is missing the following properties from type 'WhatsAppMessageCreateInput': id, updatedAt
src/services/whatsapp-validation.service.ts(81,29): error TS7053: Element implicitly has an 'any' type because expression of type 'string' can't be used to index type '{ IT: string; US: string; UK: string; FR: string; DE: string; ES: string; CH: string; AT: string; PT: string; NL: string; BE: string; }'.
  No index signature with a parameter of type 'string' was found on type '{ IT: string; US: string; UK: string; FR: string; DE: string; ES: string; CH: string; AT: string; PT: string; NL: string; BE: string; }'.
src/services/whatsapp-validation.service.ts(282,9): error TS2322: Type '{ phoneNumber: string; name: string; isUser: true; syncedAt: Date; }' is not assignable to type '(Without<WhatsAppContactCreateInput, WhatsAppContactUncheckedCreateInput> & WhatsAppContactUncheckedCreateInput) | (Without<...> & WhatsAppContactCreateInput)'.
  Type '{ phoneNumber: string; name: string; isUser: true; syncedAt: Date; }' is not assignable to type 'Without<WhatsAppContactUncheckedCreateInput, WhatsAppContactCreateInput> & WhatsAppContactCreateInput'.
    Type '{ phoneNumber: string; name: string; isUser: true; syncedAt: Date; }' is missing the following properties from type 'WhatsAppContactCreateInput': id, updatedAt
src/services/wppconnect.service.ts(344,19): error TS7006: Parameter 'base64Qr' implicitly has an 'any' type.
src/services/wppconnect.service.ts(344,29): error TS7006: Parameter 'asciiQR' implicitly has an 'any' type.
src/services/wppconnect.service.ts(366,28): error TS7006: Parameter 'statusSession' implicitly has an 'any' type.
src/services/wppconnect.service.ts(366,43): error TS7006: Parameter 'session' implicitly has an 'any' type.
src/services/wppconnect.service.ts(529,30): error TS7006: Parameter 'ack' implicitly has an 'any' type.
src/test-prisma-models.ts(1,24): error TS2307: Cannot find module '../../config/database' or its corresponding type declarations.
src/types/travel.ts(26,18): error TS2430: Interface 'UserWithWorkAddress' incorrectly extends interface '{ status: string; id: string; createdAt: Date; updatedAt: Date; currency: string; email: string; username: string; password: string; firstName: string; lastName: string; fullName: string; ... 51 more ...; referralCode: string; }'.
  Property 'workAddress' is optional in type 'UserWithWorkAddress' but required in type '{ status: string; id: string; createdAt: Date; updatedAt: Date; currency: string; email: string; username: string; password: string; firstName: string; lastName: string; fullName: string; ... 51 more ...; referralCode: string; }'.
src/utils/createAuditLog.ts(20,27): error TS2339: Property 'create' does not exist on type 'AuditLogService'.
src/utils/logger.ts(30,28): error TS2351: This expression is not constructable.
  Type 'typeof DailyRotateFile' has no construct signatures.
src/utils/logger.ts(41,31): error TS2351: This expression is not constructable.
  Type 'typeof DailyRotateFile' has no construct signatures.
src/verify-prisma.ts(31,7): error TS2322: Type '{ scriptName: string; displayName: string; description: string; category: "TESTING"; risk: "LOW"; filePath: string; allowedRoles: ("SUPER_ADMIN" | "ADMIN")[]; }' is not assignable to type '(Without<ScriptConfigurationCreateInput, ScriptConfigurationUncheckedCreateInput> & ScriptConfigurationUncheckedCreateInput) | (Without<...> & ScriptConfigurationCreateInput)'.
  Type '{ scriptName: string; displayName: string; description: string; category: "TESTING"; risk: "LOW"; filePath: string; allowedRoles: ("SUPER_ADMIN" | "ADMIN")[]; }' is not assignable to type 'Without<ScriptConfigurationUncheckedCreateInput, ScriptConfigurationCreateInput> & ScriptConfigurationCreateInput'.
    Type '{ scriptName: string; displayName: string; description: string; category: "TESTING"; risk: "LOW"; filePath: string; allowedRoles: ("SUPER_ADMIN" | "ADMIN")[]; }' is missing the following properties from type 'ScriptConfigurationCreateInput': id, updatedAt
src/websocket/chat.websocket.ts(114,13): error TS2353: Object literal may only specify known properties, and 'recipientId' does not exist in type 'ChatMessageInput'.
src/websocket/chat.websocket.ts(252,36): error TS2304: Cannot find name 'userId'.
src/websocket/handlers/message.handler.ts(68,9): error TS2322: Type '{ attachments: string[]; isRead: false; requestId?: string; content: string; senderId: string; recipientId: string; }' is not assignable to type '(Without<MessageCreateInput, MessageUncheckedCreateInput> & MessageUncheckedCreateInput) | (Without<...> & MessageCreateInput)'.
  Type '{ attachments: string[]; isRead: false; requestId?: string; content: string; senderId: string; recipientId: string; }' is not assignable to type 'Without<MessageUncheckedCreateInput, MessageCreateInput> & MessageCreateInput'.
    Type '{ attachments: string[]; isRead: false; requestId?: string; content: string; senderId: string; recipientId: string; }' is not assignable to type 'Without<MessageUncheckedCreateInput, MessageCreateInput>'.
      Types of property 'requestId' are incompatible.
        Type 'string' is not assignable to type 'never'.
src/websocket/handlers/quote.handler.ts(100,11): error TS2322: Type '"pending" | "rejected" | "expired" | "draft" | "accepted"' is not assignable to type 'QuoteStatus | EnumQuoteStatusFieldUpdateOperationsInput'.
  Type '"pending"' is not assignable to type 'QuoteStatus | EnumQuoteStatusFieldUpdateOperationsInput'. Did you mean '"PENDING"'?
src/websocket/handlers/quote.handler.ts(127,13): error TS2820: Type '"assigned"' is not assignable to type 'RequestStatus | EnumRequestStatusFieldUpdateOperationsInput'. Did you mean '"ASSIGNED"'?
src/websocket/handlers/quote.handler.ts(178,11): error TS2353: Object literal may only specify known properties, and 'requestedBy' does not exist in type '(Without<QuoteRevisionCreateInput, QuoteRevisionUncheckedCreateInput> & QuoteRevisionUncheckedCreateInput) | (Without<...> & QuoteRevisionCreateInput)'.
src/websocket/handlers/request.handler.ts(57,12): error TS2339: Property 'leave' does not exist on type 'AuthenticatedSocket'.
src/websocket/handlers/request.handler.ts(91,11): error TS2322: Type 'string' is not assignable to type 'RequestStatus | EnumRequestStatusFieldUpdateOperationsInput'.
src/websocket/handlers/request.handler.ts(150,11): error TS2353: Object literal may only specify known properties, and 'recipientId' does not exist in type '(Without<RequestUpdateCreateInput, RequestUpdateUncheckedCreateInput> & RequestUpdateUncheckedCreateInput) | (Without<...> & RequestUpdateCreateInput)'.
src/websocket/socket.server.ts(255,38): error TS2339: Property 'request' does not exist on type 'PrismaClient<PrismaClientOptions, LogLevel, DefaultArgs>'.
src/websocket/socket.server.ts(283,27): error TS2339: Property 'initializeChat' does not exist on type 'ChatService'.
src/whatsapp-server.ts(3,10): error TS2614: Module '"./routes/whatsapp.routes"' has no exported member 'whatsappRouter'. Did you mean to use 'import whatsappRouter from "./routes/whatsapp.routes"' instead?
Build completed with errors
